- Searching dependency tree
âœ– Rebuild Failed
[31m
An unhandled error occurred inside electron-rebuild[39m
[31mgyp info it worked if it ends with ok
gyp info using node-gyp@5.0.4
gyp info using node@12.10.0 | linux | x64
gyp info find Python using Python version 2.7.15 found at "/usr/bin/python"
gyp info spawn /usr/bin/python
gyp info spawn args [
gyp info spawn args   '/usr/lib/node_modules/electron-rebuild/node_modules/node-gyp/gyp/gyp_main.py',
gyp info spawn args   'binding.gyp',
gyp info spawn args   '-f',
gyp info spawn args   'make',
gyp info spawn args   '-I',
gyp info spawn args   '/home/marcus/Documents/Projects/spadework-seo/node_modules/tomahawk/node_modules/socket.io/node_modules/engine.io/node_modules/ws/build/config.gypi',
gyp info spawn args   '-I',
gyp info spawn args   '/usr/lib/node_modules/electron-rebuild/node_modules/node-gyp/addon.gypi',
gyp info spawn args   '-I',
gyp info spawn args   '/home/marcus/.electron-gyp/iojs-2.0.18/common.gypi',
gyp info spawn args   '-Dlibrary=shared_library',
gyp info spawn args   '-Dvisibility=default',
gyp info spawn args   '-Dnode_root_dir=/home/marcus/.electron-gyp/iojs-2.0.18',
gyp info spawn args   '-Dnode_gyp_dir=/usr/lib/node_modules/electron-rebuild/node_modules/node-gyp',
gyp info spawn args   '-Dnode_lib_file=/home/marcus/.electron-gyp/iojs-2.0.18/<(target_arch)/iojs.lib',
gyp info spawn args   '-Dmodule_root_dir=/home/marcus/Documents/Projects/spadework-seo/node_modules/tomahawk/node_modules/socket.io/node_modules/engine.io/node_modules/ws',
gyp info spawn args   '-Dnode_engine=v8',
gyp info spawn args   '--depth=.',
gyp info spawn args   '--no-parallel',
gyp info spawn args   '--generator-output',
gyp info spawn args   'build',
gyp info spawn args   '-Goutput_dir=.'
gyp info spawn args ]
gyp info spawn make
gyp info spawn args [ 'BUILDTYPE=Release', '-C', 'build' ]
make: Entering directory '/home/marcus/Documents/Projects/spadework-seo/node_modules/tomahawk/node_modules/socket.io/node_modules/engine.io/node_modules/ws/build'
  CXX(target) Release/obj.target/bufferutil/src/bufferutil.o
In file included from ../src/bufferutil.cc:15:0:
/home/marcus/Documents/Projects/spadework-seo/node_modules/tomahawk/node_modules/socket.io/node_modules/engine.io/node_modules/ws/node_modules/nan/nan.h: In function â€˜void NanThrowError(const char*)â€™:
/home/marcus/Documents/Projects/spadework-seo/node_modules/tomahawk/node_modules/socket.io/node_modules/engine.io/node_modules/ws/node_modules/nan/nan.h:209:11: error: â€˜ThrowExceptionâ€™ is not a member of â€˜v8â€™
       v8::ThrowException(fun(v8::String::New(errmsg)));                        \
           ^
/home/marcus/Documents/Projects/spadework-seo/node_modules/tomahawk/node_modules/socket.io/node_modules/engine.io/node_modules/ws/node_modules/nan/nan.h:213:5: note: in expansion of macro â€˜_NAN_THROW_ERRORâ€™
     _NAN_THROW_ERROR(v8::Exception::Error, errmsg);
     ^~~~~~~~~~~~~~~~
/home/marcus/Documents/Projects/spadework-seo/node_modules/tomahawk/node_modules/socket.io/node_modules/engine.io/node_modules/ws/node_modules/nan/nan.h:209:11: note: suggested alternative: â€˜Exceptionâ€™
       v8::ThrowException(fun(v8::String::New(errmsg)));                        \
           ^
/home/marcus/Documents/Projects/spadework-seo/node_modules/tomahawk/node_modules/socket.io/node_modules/engine.io/node_modules/ws/node_modules/nan/nan.h:213:5: note: in expansion of macro â€˜_NAN_THROW_ERRORâ€™
     _NAN_THROW_ERROR(v8::Exception::Error, errmsg);
     ^~~~~~~~~~~~~~~~
/home/marcus/Documents/Projects/spadework-seo/node_modules/tomahawk/node_modules/socket.io/node_modules/engine.io/node_modules/ws/node_modules/nan/nan.h:209:42: error: â€˜Newâ€™ is not a member of â€˜v8::Stringâ€™
       v8::ThrowException(fun(v8::String::New(errmsg)));                        \
                                          ^
/home/marcus/Documents/Projects/spadework-seo/node_modules/tomahawk/node_modules/socket.io/node_modules/engine.io/node_modules/ws/node_modules/nan/nan.h:213:5: note: in expansion of macro â€˜_NAN_THROW_ERRORâ€™
     _NAN_THROW_ERROR(v8::Exception::Error, errmsg);
     ^~~~~~~~~~~~~~~~
/home/marcus/Documents/Projects/spadework-seo/node_modules/tomahawk/node_modules/socket.io/node_modules/engine.io/node_modules/ws/node_modules/nan/nan.h: In function â€˜void NanThrowError(v8::Handle<v8::Value>)â€™:
/home/marcus/Documents/Projects/spadework-seo/node_modules/tomahawk/node_modules/socket.io/node_modules/engine.io/node_modules/ws/node_modules/nan/nan.h:218:9: error: â€˜ThrowExceptionâ€™ is not a member of â€˜v8â€™
     v8::ThrowException(error);
         ^~~~~~~~~~~~~~
/home/marcus/Documents/Projects/spadework-seo/node_modules/tomahawk/node_modules/socket.io/node_modules/engine.io/node_modules/ws/node_modules/nan/nan.h:218:9: note: suggested alternative: â€˜Exceptionâ€™
     v8::ThrowException(error);
         ^~~~~~~~~~~~~~
         Exception
/home/marcus/Documents/Projects/spadework-seo/node_modules/tomahawk/node_modules/socket.io/node_modules/engine.io/node_modules/ws/node_modules/nan/nan.h: In function â€˜void NanThrowError(const char*, int)â€™:
/home/marcus/Documents/Projects/spadework-seo/node_modules/tomahawk/node_modules/socket.io/node_modules/engine.io/node_modules/ws/node_modules/nan/nan.h:222:65: error: â€˜Newâ€™ is not a member of â€˜v8::Stringâ€™
     v8::Local<v8::Value> err = v8::Exception::Error(v8::String::New(msg));
                                                                 ^~~
/home/marcus/Documents/Projects/spadework-seo/node_modules/tomahawk/node_modules/socket.io/node_modules/engine.io/node_modules/ws/node_modules/nan/nan.h:224:26: error: â€˜Newâ€™ is not a member of â€˜v8::Stringâ€™
     obj->Set(v8::String::New("code"), v8::Int32::New(errorNumber));
                          ^~~
/home/marcus/Documents/Projects/spadework-seo/node_modules/tomahawk/node_modules/socket.io/node_modules/engine.io/node_modules/ws/node_modules/nan/nan.h:224:65: error: no matching function for call to â€˜v8::Int32::New(const int&)â€™
     obj->Set(v8::String::New("code"), v8::Int32::New(errorNumber));
                                                                 ^
In file included from ../src/bufferutil.cc:7:0:
/home/marcus/.electron-gyp/iojs-2.0.18/deps/v8/include/v8.h:2914:25: note: candidate: static v8::Local<v8::Integer> v8::Integer::New(v8::Isolate*, int32_t)
   static Local<Integer> New(Isolate* isolate, int32_t value);
                         ^~~
/home/marcus/.electron-gyp/iojs-2.0.18/deps/v8/include/v8.h:2914:25: note:   candidate expects 2 arguments, 1 provided
In file included from ../src/bufferutil.cc:15:0:
/home/marcus/Documents/Projects/spadework-seo/node_modules/tomahawk/node_modules/socket.io/node_modules/engine.io/node_modules/ws/node_modules/nan/nan.h: In function â€˜void NanThrowTypeError(const char*)â€™:
/home/marcus/Documents/Projects/spadework-seo/node_modules/tomahawk/node_modules/socket.io/node_modules/engine.io/node_modules/ws/node_modules/nan/nan.h:209:11: error: â€˜ThrowExceptionâ€™ is not a member of â€˜v8â€™
       v8::ThrowException(fun(v8::String::New(errmsg)));                        \
           ^
/home/marcus/Documents/Projects/spadework-seo/node_modules/tomahawk/node_modules/socket.io/node_modules/engine.io/node_modules/ws/node_modules/nan/nan.h:229:5: note: in expansion of macro â€˜_NAN_THROW_ERRORâ€™
     _NAN_THROW_ERROR(v8::Exception::TypeError, errmsg);
     ^~~~~~~~~~~~~~~~
/home/marcus/Documents/Projects/spadework-seo/node_modules/tomahawk/node_modules/socket.io/node_modules/engine.io/node_modules/ws/node_modules/nan/nan.h:209:11: note: suggested alternative: â€˜Exceptionâ€™
       v8::ThrowException(fun(v8::String::New(errmsg)));                        \
           ^
/home/marcus/Documents/Projects/spadework-seo/node_modules/tomahawk/node_modules/socket.io/node_modules/engine.io/node_modules/ws/node_modules/nan/nan.h:229:5: note: in expansion of macro â€˜_NAN_THROW_ERRORâ€™
     _NAN_THROW_ERROR(v8::Exception::TypeError, errmsg);
     ^~~~~~~~~~~~~~~~
/home/marcus/Documents/Projects/spadework-seo/node_modules/tomahawk/node_modules/socket.io/node_modules/engine.io/node_modules/ws/node_modules/nan/nan.h:209:42: error: â€˜Newâ€™ is not a member of â€˜v8::Stringâ€™
       v8::ThrowException(fun(v8::String::New(errmsg)));                        \
                                          ^
/home/marcus/Documents/Projects/spadework-seo/node_modules/tomahawk/node_modules/socket.io/node_modules/engine.io/node_modules/ws/node_modules/nan/nan.h:229:5: note: in expansion of macro â€˜_NAN_THROW_ERRORâ€™
     _NAN_THROW_ERROR(v8::Exception::TypeError, errmsg);
     ^~~~~~~~~~~~~~~~
/home/marcus/Documents/Projects/spadework-seo/node_modules/tomahawk/node_modules/socket.io/node_modules/engine.io/node_modules/ws/node_modules/nan/nan.h: In function â€˜void NanThrowRangeError(const char*)â€™:
/home/marcus/Documents/Projects/spadework-seo/node_modules/tomahawk/node_modules/socket.io/node_modules/engine.io/node_modules/ws/node_modules/nan/nan.h:209:11: error: â€˜ThrowExceptionâ€™ is not a member of â€˜v8â€™
       v8::ThrowException(fun(v8::String::New(errmsg)));                        \
           ^
/home/marcus/Documents/Projects/spadework-seo/node_modules/tomahawk/node_modules/socket.io/node_modules/engine.io/node_modules/ws/node_modules/nan/nan.h:233:5: note: in expansion of macro â€˜_NAN_THROW_ERRORâ€™
     _NAN_THROW_ERROR(v8::Exception::RangeError, errmsg);
     ^~~~~~~~~~~~~~~~
/home/marcus/Documents/Projects/spadework-seo/node_modules/tomahawk/node_modules/socket.io/node_modules/engine.io/node_modules/ws/node_modules/nan/nan.h:209:11: note: suggested alternative: â€˜Exceptionâ€™
       v8::ThrowException(fun(v8::String::New(errmsg)));                        \
           ^
/home/marcus/Documents/Projects/spadework-seo/node_modules/tomahawk/node_modules/socket.io/node_modules/engine.io/node_modules/ws/node_modules/nan/nan.h:233:5: note: in expansion of macro â€˜_NAN_THROW_ERRORâ€™
     _NAN_THROW_ERROR(v8::Exception::RangeError, errmsg);
     ^~~~~~~~~~~~~~~~
/home/marcus/Documents/Projects/spadework-seo/node_modules/tomahawk/node_modules/socket.io/node_modules/engine.io/node_modules/ws/node_modules/nan/nan.h:209:42: error: â€˜Newâ€™ is not a member of â€˜v8::Stringâ€™
       v8::ThrowException(fun(v8::String::New(errmsg)));                        \
                                          ^
/home/marcus/Documents/Projects/spadework-seo/node_modules/tomahawk/node_modules/socket.io/node_modules/engine.io/node_modules/ws/node_modules/nan/nan.h:233:5: note: in expansion of macro â€˜_NAN_THROW_ERRORâ€™
     _NAN_THROW_ERROR(v8::Exception::RangeError, errmsg);
     ^~~~~~~~~~~~~~~~
/home/marcus/Documents/Projects/spadework-seo/node_modules/tomahawk/node_modules/socket.io/node_modules/engine.io/node_modules/ws/node_modules/nan/nan.h: At global scope:
/home/marcus/Documents/Projects/spadework-seo/node_modules/tomahawk/node_modules/socket.io/node_modules/engine.io/node_modules/ws/node_modules/nan/nan.h:244:13: error: â€˜node::smallocâ€™ has not been declared
       node::smalloc::FreeCallback callback,
             ^~~~~~~
/home/marcus/Documents/Projects/spadework-seo/node_modules/tomahawk/node_modules/socket.io/node_modules/engine.io/node_modules/ws/node_modules/nan/nan.h:244:35: error: expected â€˜,â€™ or â€˜...â€™ before â€˜callbackâ€™
       node::smalloc::FreeCallback callback,
                                   ^~~~~~~~
/home/marcus/Documents/Projects/spadework-seo/node_modules/tomahawk/node_modules/socket.io/node_modules/engine.io/node_modules/ws/node_modules/nan/nan.h: In function â€˜v8::Local<v8::Object> NanNewBufferHandle(char*, size_t, int)â€™:
/home/marcus/Documents/Projects/spadework-seo/node_modules/tomahawk/node_modules/socket.io/node_modules/engine.io/node_modules/ws/node_modules/nan/nan.h:246:44: error: â€˜callbackâ€™ was not declared in this scope
     return node::Buffer::New(data, length, callback, hint);
                                            ^~~~~~~~
/home/marcus/Documents/Projects/spadework-seo/node_modules/tomahawk/node_modules/socket.io/node_modules/engine.io/node_modules/ws/node_modules/nan/nan.h:246:44: note: suggested alternative: â€˜callocâ€™
     return node::Buffer::New(data, length, callback, hint);
                                            ^~~~~~~~
                                            calloc
/home/marcus/Documents/Projects/spadework-seo/node_modules/tomahawk/node_modules/socket.io/node_modules/engine.io/node_modules/ws/node_modules/nan/nan.h:246:54: error: â€˜hintâ€™ was not declared in this scope
     return node::Buffer::New(data, length, callback, hint);
                                                      ^~~~
/home/marcus/Documents/Projects/spadework-seo/node_modules/tomahawk/node_modules/socket.io/node_modules/engine.io/node_modules/ws/node_modules/nan/nan.h:246:54: note: suggested alternative: â€˜uintâ€™
     return node::Buffer::New(data, length, callback, hint);
                                                      ^~~~
                                                      uint
/home/marcus/Documents/Projects/spadework-seo/node_modules/tomahawk/node_modules/socket.io/node_modules/engine.io/node_modules/ws/node_modules/nan/nan.h: In function â€˜v8::Local<v8::Object> NanNewBufferHandle(char*, uint32_t)â€™:
/home/marcus/Documents/Projects/spadework-seo/node_modules/tomahawk/node_modules/socket.io/node_modules/engine.io/node_modules/ws/node_modules/nan/nan.h:251:40: error: no matching function for call to â€˜New(char*&, uint32_t&)â€™
     return node::Buffer::New(data, size);
                                        ^
In file included from ../src/bufferutil.cc:9:0:
/home/marcus/.electron-gyp/iojs-2.0.18/src/node_buffer.h:52:40: note: candidate: v8::MaybeLocal<v8::Object> node::Buffer::New(v8::Isolate*, size_t)
 NODE_EXTERN v8::MaybeLocal<v8::Object> New(v8::Isolate* isolate, size_t length);
                                        ^~~
/home/marcus/.electron-gyp/iojs-2.0.18/src/node_buffer.h:52:40: note:   no known conversion for argument 1 from â€˜char*â€™ to â€˜v8::Isolate*â€™
/home/marcus/.electron-gyp/iojs-2.0.18/src/node_buffer.h:55:40: note: candidate: v8::MaybeLocal<v8::Object> node::Buffer::New(v8::Isolate*, v8::Local<v8::String>, node::encoding)
 NODE_EXTERN v8::MaybeLocal<v8::Object> New(v8::Isolate* isolate,
                                        ^~~
/home/marcus/.electron-gyp/iojs-2.0.18/src/node_buffer.h:55:40: note:   no known conversion for argument 1 from â€˜char*â€™ to â€˜v8::Isolate*â€™
/home/marcus/.electron-gyp/iojs-2.0.18/src/node_buffer.h:60:40: note: candidate: v8::MaybeLocal<v8::Object> node::Buffer::New(v8::Isolate*, char*, size_t, node::Buffer::FreeCallback, void*)
 NODE_EXTERN v8::MaybeLocal<v8::Object> New(v8::Isolate* isolate,
                                        ^~~
/home/marcus/.electron-gyp/iojs-2.0.18/src/node_buffer.h:60:40: note:   candidate expects 5 arguments, 2 provided
/home/marcus/.electron-gyp/iojs-2.0.18/src/node_buffer.h:67:40: note: candidate: v8::MaybeLocal<v8::Object> node::Buffer::New(v8::Isolate*, char*, size_t)
 NODE_EXTERN v8::MaybeLocal<v8::Object> New(v8::Isolate* isolate,
                                        ^~~
/home/marcus/.electron-gyp/iojs-2.0.18/src/node_buffer.h:67:40: note:   candidate expects 3 arguments, 2 provided
In file included from ../src/bufferutil.cc:15:0:
/home/marcus/Documents/Projects/spadework-seo/node_modules/tomahawk/node_modules/socket.io/node_modules/engine.io/node_modules/ws/node_modules/nan/nan.h: In function â€˜v8::Local<v8::Object> NanNewBufferHandle(uint32_t)â€™:
/home/marcus/Documents/Projects/spadework-seo/node_modules/tomahawk/node_modules/socket.io/node_modules/engine.io/node_modules/ws/node_modules/nan/nan.h:255:34: error: no matching function for call to â€˜New(uint32_t&)â€™
     return node::Buffer::New(size);
                                  ^
In file included from ../src/bufferutil.cc:9:0:
/home/marcus/.electron-gyp/iojs-2.0.18/src/node_buffer.h:52:40: note: candidate: v8::MaybeLocal<v8::Object> node::Buffer::New(v8::Isolate*, size_t)
 NODE_EXTERN v8::MaybeLocal<v8::Object> New(v8::Isolate* isolate, size_t length);
                                        ^~~
/home/marcus/.electron-gyp/iojs-2.0.18/src/node_buffer.h:52:40: note:   candidate expects 2 arguments, 1 provided
/home/marcus/.electron-gyp/iojs-2.0.18/src/node_buffer.h:55:40: note: candidate: v8::MaybeLocal<v8::Object> node::Buffer::New(v8::Isolate*, v8::Local<v8::String>, node::encoding)
 NODE_EXTERN v8::MaybeLocal<v8::Object> New(v8::Isolate* isolate,
                                        ^~~
/home/marcus/.electron-gyp/iojs-2.0.18/src/node_buffer.h:55:40: note:   candidate expects 3 arguments, 1 provided
/home/marcus/.electron-gyp/iojs-2.0.18/src/node_buffer.h:60:40: note: candidate: v8::MaybeLocal<v8::Object> node::Buffer::New(v8::Isolate*, char*, size_t, node::Buffer::FreeCallback, void*)
 NODE_EXTERN v8::MaybeLocal<v8::Object> New(v8::Isolate* isolate,
                                        ^~~
/home/marcus/.electron-gyp/iojs-2.0.18/src/node_buffer.h:60:40: note:   candidate expects 5 arguments, 1 provided
/home/marcus/.electron-gyp/iojs-2.0.18/src/node_buffer.h:67:40: note: candidate: v8::MaybeLocal<v8::Object> node::Buffer::New(v8::Isolate*, char*, size_t)
 NODE_EXTERN v8::MaybeLocal<v8::Object> New(v8::Isolate* isolate,
                                        ^~~
/home/marcus/.electron-gyp/iojs-2.0.18/src/node_buffer.h:67:40: note:   candidate expects 3 arguments, 1 provided
In file included from ../src/bufferutil.cc:15:0:
/home/marcus/Documents/Projects/spadework-seo/node_modules/tomahawk/node_modules/socket.io/node_modules/engine.io/node_modules/ws/node_modules/nan/nan.h: In function â€˜v8::Local<v8::Object> NanBufferUse(char*, uint32_t)â€™:
/home/marcus/Documents/Projects/spadework-seo/node_modules/tomahawk/node_modules/socket.io/node_modules/engine.io/node_modules/ws/node_modules/nan/nan.h:259:26: error: â€˜Useâ€™ is not a member of â€˜node::Bufferâ€™
     return node::Buffer::Use(data, size);
                          ^~~
/home/marcus/Documents/Projects/spadework-seo/node_modules/tomahawk/node_modules/socket.io/node_modules/engine.io/node_modules/ws/node_modules/nan/nan.h: In constructor â€˜NanCallback::NanCallback(const v8::Local<v8::Function>&)â€™:
/home/marcus/Documents/Projects/spadework-seo/node_modules/tomahawk/node_modules/socket.io/node_modules/engine.io/node_modules/ws/node_modules/nan/nan.h:450:49: error: no matching function for call to â€˜v8::Object::New()â€™
     v8::Local<v8::Object> obj = v8::Object::New();
                                                 ^
In file included from ../src/bufferutil.cc:7:0:
/home/marcus/.electron-gyp/iojs-2.0.18/deps/v8/include/v8.h:3476:24: note: candidate: static v8::Local<v8::Object> v8::Object::New(v8::Isolate*)
   static Local<Object> New(Isolate* isolate);
                        ^~~
/home/marcus/.electron-gyp/iojs-2.0.18/deps/v8/include/v8.h:3476:24: note:   candidate expects 1 argument, 0 provided
In file included from ../src/bufferutil.cc:15:0:
/home/marcus/Documents/Projects/spadework-seo/node_modules/tomahawk/node_modules/socket.io/node_modules/engine.io/node_modules/ws/node_modules/nan/nan.h:103:38: error: â€˜NewSymbolâ€™ is not a member of â€˜v8::Stringâ€™
 #define NanSymbol(value) v8::String::NewSymbol(value)
                                      ^
/home/marcus/Documents/Projects/spadework-seo/node_modules/tomahawk/node_modules/socket.io/node_modules/engine.io/node_modules/ws/node_modules/nan/nan.h:451:14: note: in expansion of macro â€˜NanSymbolâ€™
     obj->Set(NanSymbol("callback"), fn);
              ^~~~~~~~~
/home/marcus/Documents/Projects/spadework-seo/node_modules/tomahawk/node_modules/socket.io/node_modules/engine.io/node_modules/ws/node_modules/nan/nan.h: In destructor â€˜NanCallback::~NanCallback()â€™:
/home/marcus/Documents/Projects/spadework-seo/node_modules/tomahawk/node_modules/socket.io/node_modules/engine.io/node_modules/ws/node_modules/nan/nan.h:457:12: error: â€˜class v8::Persistent<v8::Object>â€™ has no member named â€˜Disposeâ€™
     handle.Dispose();
            ^~~~~~~
/home/marcus/Documents/Projects/spadework-seo/node_modules/tomahawk/node_modules/socket.io/node_modules/engine.io/node_modules/ws/node_modules/nan/nan.h:458:12: error: â€˜class v8::Persistent<v8::Object>â€™ has no member named â€˜Clearâ€™
     handle.Clear();
            ^~~~~
/home/marcus/Documents/Projects/spadework-seo/node_modules/tomahawk/node_modules/socket.io/node_modules/engine.io/node_modules/ws/node_modules/nan/nan.h: In member function â€˜v8::Local<v8::Function> NanCallback::GetFunction()â€™:
/home/marcus/Documents/Projects/spadework-seo/node_modules/tomahawk/node_modules/socket.io/node_modules/engine.io/node_modules/ws/node_modules/nan/nan.h:103:38: error: â€˜NewSymbolâ€™ is not a member of â€˜v8::Stringâ€™
 #define NanSymbol(value) v8::String::NewSymbol(value)
                                      ^
/home/marcus/Documents/Projects/spadework-seo/node_modules/tomahawk/node_modules/socket.io/node_modules/engine.io/node_modules/ws/node_modules/nan/nan.h:462:46: note: in expansion of macro â€˜NanSymbolâ€™
     return NanPersistentToLocal(handle)->Get(NanSymbol("callback"))
                                              ^~~~~~~~~
/home/marcus/Documents/Projects/spadework-seo/node_modules/tomahawk/node_modules/socket.io/node_modules/engine.io/node_modules/ws/node_modules/nan/nan.h:463:25: error: expected primary-expression before â€˜>â€™ token
         .As<v8::Function>();
                         ^
/home/marcus/Documents/Projects/spadework-seo/node_modules/tomahawk/node_modules/socket.io/node_modules/engine.io/node_modules/ws/node_modules/nan/nan.h:463:27: error: expected primary-expression before â€˜)â€™ token
         .As<v8::Function>();
                           ^
/home/marcus/Documents/Projects/spadework-seo/node_modules/tomahawk/node_modules/socket.io/node_modules/engine.io/node_modules/ws/node_modules/nan/nan.h: In member function â€˜void NanCallback::Call(int, v8::Local<v8::Value>*)â€™:
/home/marcus/Documents/Projects/spadework-seo/node_modules/tomahawk/node_modules/socket.io/node_modules/engine.io/node_modules/ws/node_modules/nan/nan.h:103:38: error: â€˜NewSymbolâ€™ is not a member of â€˜v8::Stringâ€™
 #define NanSymbol(value) v8::String::NewSymbol(value)
                                      ^
/home/marcus/Documents/Projects/spadework-seo/node_modules/tomahawk/node_modules/socket.io/node_modules/engine.io/node_modules/ws/node_modules/nan/nan.h:475:12: note: in expansion of macro â€˜NanSymbolâ€™
        Get(NanSymbol("callback")).As<v8::Function>();
            ^~~~~~~~~
/home/marcus/Documents/Projects/spadework-seo/node_modules/tomahawk/node_modules/socket.io/node_modules/engine.io/node_modules/ws/node_modules/nan/nan.h:475:50: error: expected primary-expression before â€˜>â€™ token
        Get(NanSymbol("callback")).As<v8::Function>();
                                                  ^
/home/marcus/Documents/Projects/spadework-seo/node_modules/tomahawk/node_modules/socket.io/node_modules/engine.io/node_modules/ws/node_modules/nan/nan.h:475:52: error: expected primary-expression before â€˜)â€™ token
        Get(NanSymbol("callback")).As<v8::Function>();
                                                    ^
/home/marcus/Documents/Projects/spadework-seo/node_modules/tomahawk/node_modules/socket.io/node_modules/engine.io/node_modules/ws/node_modules/nan/nan.h:476:18: warning: â€˜v8::TryCatch::TryCatch()â€™ is deprecated: Use isolate version [-Wdeprecated-declarations]
     v8::TryCatch try_catch;
                  ^~~~~~~~~
In file included from /home/marcus/.electron-gyp/iojs-2.0.18/deps/v8/include/v8.h:26:0,
                 from ../src/bufferutil.cc:7:
/home/marcus/.electron-gyp/iojs-2.0.18/deps/v8/include/v8.h:8259:40: note: declared here
   V8_DEPRECATED("Use isolate version", TryCatch());
                                        ^
/home/marcus/.electron-gyp/iojs-2.0.18/deps/v8/include/v8config.h:318:3: note: in definition of macro â€˜V8_DEPRECATEDâ€™
   declarator __attribute__((deprecated(message)))
   ^~~~~~~~~~
In file included from ../src/bufferutil.cc:15:0:
/home/marcus/Documents/Projects/spadework-seo/node_modules/tomahawk/node_modules/socket.io/node_modules/engine.io/node_modules/ws/node_modules/nan/nan.h:477:33: error: â€˜GetCurrentâ€™ is not a member of â€˜v8::Contextâ€™
     callback->Call(v8::Context::GetCurrent()->Global(), argc, argv);
                                 ^~~~~~~~~~
/home/marcus/Documents/Projects/spadework-seo/node_modules/tomahawk/node_modules/socket.io/node_modules/engine.io/node_modules/ws/node_modules/nan/nan.h:479:37: warning: â€˜void node::FatalException(const v8::TryCatch&)â€™ is deprecated: Use FatalException(isolate, ...) [-Wdeprecated-declarations]
       node::FatalException(try_catch);
                                     ^
In file included from ../src/bufferutil.cc:8:0:
/home/marcus/.electron-gyp/iojs-2.0.18/src/node.h:351:29: note: declared here
                 inline void FatalException(const v8::TryCatch& try_catch) {
                             ^
/home/marcus/.electron-gyp/iojs-2.0.18/src/node.h:87:42: note: in definition of macro â€˜NODE_DEPRECATEDâ€™
     __attribute__((deprecated(message))) declarator
                                          ^~~~~~~~~~
In file included from ../src/bufferutil.cc:15:0:
/home/marcus/Documents/Projects/spadework-seo/node_modules/tomahawk/node_modules/socket.io/node_modules/engine.io/node_modules/ws/node_modules/nan/nan.h: At global scope:
/home/marcus/Documents/Projects/spadework-seo/node_modules/tomahawk/node_modules/socket.io/node_modules/engine.io/node_modules/ws/node_modules/nan/nan.h:518:3: error: â€˜uv_work_tâ€™ does not name a type; did you mean â€˜uv_loop_sâ€™?
   uv_work_t request;
   ^~~~~~~~~
   uv_loop_s
/home/marcus/Documents/Projects/spadework-seo/node_modules/tomahawk/node_modules/socket.io/node_modules/engine.io/node_modules/ws/node_modules/nan/nan.h: In constructor â€˜NanAsyncWorker::NanAsyncWorker(NanCallback*)â€™:
/home/marcus/Documents/Projects/spadework-seo/node_modules/tomahawk/node_modules/socket.io/node_modules/engine.io/node_modules/ws/node_modules/nan/nan.h:490:5: error: â€˜requestâ€™ was not declared in this scope
     request.data = this;
     ^~~~~~~
/home/marcus/Documents/Projects/spadework-seo/node_modules/tomahawk/node_modules/socket.io/node_modules/engine.io/node_modules/ws/node_modules/nan/nan.h: In member function â€˜void NanAsyncWorker::SavePersistent(const char*, v8::Local<v8::Object>&)â€™:
/home/marcus/Documents/Projects/spadework-seo/node_modules/tomahawk/node_modules/socket.io/node_modules/engine.io/node_modules/ws/node_modules/nan/nan.h:103:38: error: â€˜NewSymbolâ€™ is not a member of â€˜v8::Stringâ€™
 #define NanSymbol(value) v8::String::NewSymbol(value)
                                      ^
/home/marcus/Documents/Projects/spadework-seo/node_modules/tomahawk/node_modules/socket.io/node_modules/engine.io/node_modules/ws/node_modules/nan/nan.h:529:17: note: in expansion of macro â€˜NanSymbolâ€™
     handle->Set(NanSymbol(key), obj);
                 ^~~~~~~~~
/home/marcus/Documents/Projects/spadework-seo/node_modules/tomahawk/node_modules/socket.io/node_modules/engine.io/node_modules/ws/node_modules/nan/nan.h: In member function â€˜v8::Local<v8::Object> NanAsyncWorker::GetFromPersistent(const char*)â€™:
/home/marcus/Documents/Projects/spadework-seo/node_modules/tomahawk/node_modules/socket.io/node_modules/engine.io/node_modules/ws/node_modules/nan/nan.h:103:38: error: â€˜NewSymbolâ€™ is not a member of â€˜v8::Stringâ€™
 #define NanSymbol(value) v8::String::NewSymbol(value)
                                      ^
/home/marcus/Documents/Projects/spadework-seo/node_modules/tomahawk/node_modules/socket.io/node_modules/engine.io/node_modules/ws/node_modules/nan/nan.h:536:24: note: in expansion of macro â€˜NanSymbolâ€™
     return handle->Get(NanSymbol(key)).As<v8::Object>();
                        ^~~~~~~~~
/home/marcus/Documents/Projects/spadework-seo/node_modules/tomahawk/node_modules/socket.io/node_modules/engine.io/node_modules/ws/node_modules/nan/nan.h:536:53: error: expected primary-expression before â€˜>â€™ token
     return handle->Get(NanSymbol(key)).As<v8::Object>();
                                                     ^
/home/marcus/Documents/Projects/spadework-seo/node_modules/tomahawk/node_modules/socket.io/node_modules/engine.io/node_modules/ws/node_modules/nan/nan.h:536:55: error: expected primary-expression before â€˜)â€™ token
     return handle->Get(NanSymbol(key)).As<v8::Object>();
                                                       ^
/home/marcus/Documents/Projects/spadework-seo/node_modules/tomahawk/node_modules/socket.io/node_modules/engine.io/node_modules/ws/node_modules/nan/nan.h: In member function â€˜virtual void NanAsyncWorker::HandleErrorCallback()â€™:
/home/marcus/Documents/Projects/spadework-seo/node_modules/tomahawk/node_modules/socket.io/node_modules/engine.io/node_modules/ws/node_modules/nan/nan.h:549:42: error: â€˜Newâ€™ is not a member of â€˜v8::Stringâ€™
         v8::Exception::Error(v8::String::New(errmsg))
                                          ^~~
/home/marcus/Documents/Projects/spadework-seo/node_modules/tomahawk/node_modules/socket.io/node_modules/engine.io/node_modules/ws/node_modules/nan/nan.h: At global scope:
/home/marcus/Documents/Projects/spadework-seo/node_modules/tomahawk/node_modules/socket.io/node_modules/engine.io/node_modules/ws/node_modules/nan/nan.h:555:30: error: variable or field â€˜NanAsyncExecuteâ€™ declared void
 inline void NanAsyncExecute (uv_work_t* req) {
                              ^~~~~~~~~
/home/marcus/Documents/Projects/spadework-seo/node_modules/tomahawk/node_modules/socket.io/node_modules/engine.io/node_modules/ws/node_modules/nan/nan.h:555:30: error: â€˜uv_work_tâ€™ was not declared in this scope
/home/marcus/Documents/Projects/spadework-seo/node_modules/tomahawk/node_modules/socket.io/node_modules/engine.io/node_modules/ws/node_modules/nan/nan.h:555:30: note: suggested alternative: â€˜uv_loop_sâ€™
 inline void NanAsyncExecute (uv_work_t* req) {
                              ^~~~~~~~~
                              uv_loop_s
/home/marcus/Documents/Projects/spadework-seo/node_modules/tomahawk/node_modules/socket.io/node_modules/engine.io/node_modules/ws/node_modules/nan/nan.h:555:41: error: â€˜reqâ€™ was not declared in this scope
 inline void NanAsyncExecute (uv_work_t* req) {
                                         ^~~
/home/marcus/Documents/Projects/spadework-seo/node_modules/tomahawk/node_modules/socket.io/node_modules/engine.io/node_modules/ws/node_modules/nan/nan.h:555:41: note: suggested alternative: â€˜freeâ€™
 inline void NanAsyncExecute (uv_work_t* req) {
                                         ^~~
                                         free
/home/marcus/Documents/Projects/spadework-seo/node_modules/tomahawk/node_modules/socket.io/node_modules/engine.io/node_modules/ws/node_modules/nan/nan.h:560:38: error: variable or field â€˜NanAsyncExecuteCompleteâ€™ declared void
 inline void NanAsyncExecuteComplete (uv_work_t* req) {
                                      ^~~~~~~~~
/home/marcus/Documents/Projects/spadework-seo/node_modules/tomahawk/node_modules/socket.io/node_modules/engine.io/node_modules/ws/node_modules/nan/nan.h:560:38: error: â€˜uv_work_tâ€™ was not declared in this scope
/home/marcus/Documents/Projects/spadework-seo/node_modules/tomahawk/node_modules/socket.io/node_modules/engine.io/node_modules/ws/node_modules/nan/nan.h:560:38: note: suggested alternative: â€˜uv_loop_sâ€™
 inline void NanAsyncExecuteComplete (uv_work_t* req) {
                                      ^~~~~~~~~
                                      uv_loop_s
/home/marcus/Documents/Projects/spadework-seo/node_modules/tomahawk/node_modules/socket.io/node_modules/engine.io/node_modules/ws/node_modules/nan/nan.h:560:49: error: â€˜reqâ€™ was not declared in this scope
 inline void NanAsyncExecuteComplete (uv_work_t* req) {
                                                 ^~~
/home/marcus/Documents/Projects/spadework-seo/node_modules/tomahawk/node_modules/socket.io/node_modules/engine.io/node_modules/ws/node_modules/nan/nan.h:560:49: note: suggested alternative: â€˜freeâ€™
 inline void NanAsyncExecuteComplete (uv_work_t* req) {
                                                 ^~~
                                                 free
/home/marcus/Documents/Projects/spadework-seo/node_modules/tomahawk/node_modules/socket.io/node_modules/engine.io/node_modules/ws/node_modules/nan/nan.h: In function â€˜void NanAsyncQueueWorker(NanAsyncWorker*)â€™:
/home/marcus/Documents/Projects/spadework-seo/node_modules/tomahawk/node_modules/socket.io/node_modules/engine.io/node_modules/ws/node_modules/nan/nan.h:568:7: error: â€˜uv_default_loopâ€™ was not declared in this scope
       uv_default_loop()
       ^~~~~~~~~~~~~~~
/home/marcus/Documents/Projects/spadework-seo/node_modules/tomahawk/node_modules/socket.io/node_modules/engine.io/node_modules/ws/node_modules/nan/nan.h:569:16: error: â€˜class NanAsyncWorkerâ€™ has no member named â€˜requestâ€™
     , &worker->request
                ^~~~~~~
/home/marcus/Documents/Projects/spadework-seo/node_modules/tomahawk/node_modules/socket.io/node_modules/engine.io/node_modules/ws/node_modules/nan/nan.h:570:7: error: â€˜NanAsyncExecuteâ€™ was not declared in this scope
     , NanAsyncExecute
       ^~~~~~~~~~~~~~~
/home/marcus/Documents/Projects/spadework-seo/node_modules/tomahawk/node_modules/socket.io/node_modules/engine.io/node_modules/ws/node_modules/nan/nan.h:570:7: note: suggested alternative: â€˜NanAsyncWorkerâ€™
     , NanAsyncExecute
       ^~~~~~~~~~~~~~~
       NanAsyncWorker
/home/marcus/Documents/Projects/spadework-seo/node_modules/tomahawk/node_modules/socket.io/node_modules/engine.io/node_modules/ws/node_modules/nan/nan.h:571:8: error: â€˜uv_after_work_cbâ€™ was not declared in this scope
     , (uv_after_work_cb)NanAsyncExecuteComplete
        ^~~~~~~~~~~~~~~~
/home/marcus/Documents/Projects/spadework-seo/node_modules/tomahawk/node_modules/socket.io/node_modules/engine.io/node_modules/ws/node_modules/nan/nan.h:567:3: error: â€˜uv_queue_workâ€™ was not declared in this scope
   uv_queue_work(
   ^~~~~~~~~~~~~
In file included from ../src/bufferutil.cc:15:0:
/home/marcus/Documents/Projects/spadework-seo/node_modules/tomahawk/node_modules/socket.io/node_modules/engine.io/node_modules/ws/node_modules/nan/nan.h: In function â€˜bool _NanGetExternalParts(v8::Handle<v8::Value>, const char**, size_t*)â€™:
/home/marcus/Documents/Projects/spadework-seo/node_modules/tomahawk/node_modules/socket.io/node_modules/engine.io/node_modules/ws/node_modules/nan/nan.h:716:78: error: no matching function for call to â€˜v8::Local<v8::String>::New(v8::Local<v8::String>)â€™
   v8::Local<v8::String> str = v8::Local<v8::String>::New(val.As<v8::String>());
                                                                              ^
In file included from ../src/bufferutil.cc:7:0:
/home/marcus/.electron-gyp/iojs-2.0.18/deps/v8/include/v8.h:293:29: note: candidate: static v8::Local<T> v8::Local<T>::New(v8::Isolate*, v8::Local<T>) [with T = v8::String]
   V8_INLINE static Local<T> New(Isolate* isolate, Local<T> that);
                             ^~~
/home/marcus/.electron-gyp/iojs-2.0.18/deps/v8/include/v8.h:293:29: note:   candidate expects 2 arguments, 1 provided
/home/marcus/.electron-gyp/iojs-2.0.18/deps/v8/include/v8.h:294:29: note: candidate: static v8::Local<T> v8::Local<T>::New(v8::Isolate*, const v8::PersistentBase<T>&) [with T = v8::String]
   V8_INLINE static Local<T> New(Isolate* isolate,
                             ^~~
/home/marcus/.electron-gyp/iojs-2.0.18/deps/v8/include/v8.h:294:29: note:   candidate expects 2 arguments, 1 provided
/home/marcus/.electron-gyp/iojs-2.0.18/deps/v8/include/v8.h:325:29: note: candidate: static v8::Local<T> v8::Local<T>::New(v8::Isolate*, T*) [with T = v8::String]
   V8_INLINE static Local<T> New(Isolate* isolate, T* that);
                             ^~~
/home/marcus/.electron-gyp/iojs-2.0.18/deps/v8/include/v8.h:325:29: note:   candidate expects 2 arguments, 1 provided
In file included from ../src/bufferutil.cc:15:0:
/home/marcus/Documents/Projects/spadework-seo/node_modules/tomahawk/node_modules/socket.io/node_modules/engine.io/node_modules/ws/node_modules/nan/nan.h:718:12: error: â€˜class v8::Stringâ€™ has no member named â€˜IsExternalAsciiâ€™; did you mean â€˜IsExternalâ€™?
   if (str->IsExternalAscii()) {
            ^~~~~~~~~~~~~~~
            IsExternal
/home/marcus/Documents/Projects/spadework-seo/node_modules/tomahawk/node_modules/socket.io/node_modules/engine.io/node_modules/ws/node_modules/nan/nan.h:719:23: error: â€˜ExternalAsciiStringResourceâ€™ in â€˜class v8::Stringâ€™ does not name a type
     const v8::String::ExternalAsciiStringResource* ext;
                       ^~~~~~~~~~~~~~~~~~~~~~~~~~~
/home/marcus/Documents/Projects/spadework-seo/node_modules/tomahawk/node_modules/socket.io/node_modules/engine.io/node_modules/ws/node_modules/nan/nan.h:720:5: error: â€˜extâ€™ was not declared in this scope
     ext = str->GetExternalAsciiStringResource();
     ^~~
/home/marcus/Documents/Projects/spadework-seo/node_modules/tomahawk/node_modules/socket.io/node_modules/engine.io/node_modules/ws/node_modules/nan/nan.h:720:5: note: suggested alternative: â€˜exitâ€™
     ext = str->GetExternalAsciiStringResource();
     ^~~
     exit
/home/marcus/Documents/Projects/spadework-seo/node_modules/tomahawk/node_modules/socket.io/node_modules/engine.io/node_modules/ws/node_modules/nan/nan.h:720:16: error: â€˜class v8::Stringâ€™ has no member named â€˜GetExternalAsciiStringResourceâ€™; did you mean â€˜GetExternalStringResourceâ€™?
     ext = str->GetExternalAsciiStringResource();
                ^~~~~~~~~~~~~~~~~~~~~~~~~~~~~~
                GetExternalStringResource
/home/marcus/Documents/Projects/spadework-seo/node_modules/tomahawk/node_modules/socket.io/node_modules/engine.io/node_modules/ws/node_modules/nan/nan.h: In function â€˜char* NanFromV8String(v8::Handle<v8::Value>, Nan::Encoding, size_t*, char*, size_t, int)â€™:
/home/marcus/Documents/Projects/spadework-seo/node_modules/tomahawk/node_modules/socket.io/node_modules/engine.io/node_modules/ws/node_modules/nan/nan.h:769:15: error: â€˜AsciiValueâ€™ is not a member of â€˜v8::Stringâ€™
   v8::String::AsciiValue value(toStr);
               ^~~~~~~~~~
/home/marcus/Documents/Projects/spadework-seo/node_modules/tomahawk/node_modules/socket.io/node_modules/engine.io/node_modules/ws/node_modules/nan/nan.h:832:39: error: â€˜valueâ€™ was not declared in this scope
       sz_ = _nan_base64_decoded_size(*value, toStr->Length());
                                       ^~~~~
/home/marcus/Documents/Projects/spadework-seo/node_modules/tomahawk/node_modules/socket.io/node_modules/engine.io/node_modules/ws/node_modules/nan/nan.h:832:39: note: suggested alternative: â€˜vallocâ€™
       sz_ = _nan_base64_decoded_size(*value, toStr->Length());
                                       ^~~~~
                                       valloc
../src/bufferutil.cc: In static member function â€˜static void BufferUtil::Initialize(v8::Handle<v8::Object>)â€™:
../src/bufferutil.cc:27:58: error: no matching function for call to â€˜v8::FunctionTemplate::New(void (&)(const v8::FunctionCallbackInfo<v8::Value>&))â€™
     Local<FunctionTemplate> t = FunctionTemplate::New(New);
                                                          ^
In file included from ../src/bufferutil.cc:7:0:
/home/marcus/.electron-gyp/iojs-2.0.18/deps/v8/include/v8.h:5391:34: note: candidate: static v8::Local<v8::FunctionTemplate> v8::FunctionTemplate::New(v8::Isolate*, v8::FunctionCallback, v8::Local<v8::Value>, v8::Local<v8::Signature>, int, v8::ConstructorBehavior)
   static Local<FunctionTemplate> New(
                                  ^~~
/home/marcus/.electron-gyp/iojs-2.0.18/deps/v8/include/v8.h:5391:34: note:   no known conversion for argument 1 from â€˜void(const v8::FunctionCallbackInfo<v8::Value>&)â€™ to â€˜v8::Isolate*â€™
../src/bufferutil.cc:29:52: error: call of overloaded â€˜NODE_SET_METHOD(v8::Local<v8::FunctionTemplate>&, const char [7], void (&)(const v8::FunctionCallbackInfo<v8::Value>&))â€™ is ambiguous
     NODE_SET_METHOD(t, "unmask", BufferUtil::Unmask);
                                                    ^
In file included from ../src/bufferutil.cc:8:0:
/home/marcus/.electron-gyp/iojs-2.0.18/src/node.h:290:13: note: candidate: void node::NODE_SET_METHOD(v8::Local<v8::Template>, const char*, v8::FunctionCallback)
 inline void NODE_SET_METHOD(v8::Local<v8::Template> recv,
             ^~~~~~~~~~~~~~~
/home/marcus/.electron-gyp/iojs-2.0.18/src/node.h:303:13: note: candidate: void node::NODE_SET_METHOD(v8::Local<v8::Object>, const char*, v8::FunctionCallback)
 inline void NODE_SET_METHOD(v8::Local<v8::Object> recv,
             ^~~~~~~~~~~~~~~
../src/bufferutil.cc:30:48: error: call of overloaded â€˜NODE_SET_METHOD(v8::Local<v8::FunctionTemplate>&, const char [5], void (&)(const v8::FunctionCallbackInfo<v8::Value>&))â€™ is ambiguous
     NODE_SET_METHOD(t, "mask", BufferUtil::Mask);
                                                ^
In file included from ../src/bufferutil.cc:8:0:
/home/marcus/.electron-gyp/iojs-2.0.18/src/node.h:290:13: note: candidate: void node::NODE_SET_METHOD(v8::Local<v8::Template>, const char*, v8::FunctionCallback)
 inline void NODE_SET_METHOD(v8::Local<v8::Template> recv,
             ^~~~~~~~~~~~~~~
/home/marcus/.electron-gyp/iojs-2.0.18/src/node.h:303:13: note: candidate: void node::NODE_SET_METHOD(v8::Local<v8::Object>, const char*, v8::FunctionCallback)
 inline void NODE_SET_METHOD(v8::Local<v8::Object> recv,
             ^~~~~~~~~~~~~~~
../src/bufferutil.cc:31:50: error: call of overloaded â€˜NODE_SET_METHOD(v8::Local<v8::FunctionTemplate>&, const char [6], void (&)(const v8::FunctionCallbackInfo<v8::Value>&))â€™ is ambiguous
     NODE_SET_METHOD(t, "merge", BufferUtil::Merge);
                                                  ^
In file included from ../src/bufferutil.cc:8:0:
/home/marcus/.electron-gyp/iojs-2.0.18/src/node.h:290:13: note: candidate: void node::NODE_SET_METHOD(v8::Local<v8::Template>, const char*, v8::FunctionCallback)
 inline void NODE_SET_METHOD(v8::Local<v8::Template> recv,
             ^~~~~~~~~~~~~~~
/home/marcus/.electron-gyp/iojs-2.0.18/src/node.h:303:13: note: candidate: void node::NODE_SET_METHOD(v8::Local<v8::Object>, const char*, v8::FunctionCallback)
 inline void NODE_SET_METHOD(v8::Local<v8::Object> recv,
             ^~~~~~~~~~~~~~~
../src/bufferutil.cc:32:25: error: â€˜NewSymbolâ€™ is not a member of â€˜v8::Stringâ€™
     target->Set(String::NewSymbol("BufferUtil"), t->GetFunction());
                         ^~~~~~~~~
In file included from ../src/bufferutil.cc:15:0:
../src/bufferutil.cc: In static member function â€˜static void BufferUtil::Merge(const v8::FunctionCallbackInfo<v8::Value>&)â€™:
../src/bufferutil.cc:60:25: error: too few arguments to function â€˜v8::Local<v8::Boolean> v8::True(v8::Isolate*)â€™
     NanReturnValue(True());
                         ^
/home/marcus/Documents/Projects/spadework-seo/node_modules/tomahawk/node_modules/socket.io/node_modules/engine.io/node_modules/ws/node_modules/nan/nan.h:195:65: note: in definition of macro â€˜NanReturnValueâ€™
 # define NanReturnValue(value) return args.GetReturnValue().Set(value)
                                                                 ^~~~~
In file included from ../src/bufferutil.cc:7:0:
/home/marcus/.electron-gyp/iojs-2.0.18/deps/v8/include/v8.h:10096:16: note: declared here
 Local<Boolean> True(Isolate* isolate) {
                ^~~~
In file included from ../src/bufferutil.cc:15:0:
/home/marcus/Documents/Projects/spadework-seo/node_modules/tomahawk/node_modules/socket.io/node_modules/engine.io/node_modules/ws/node_modules/nan/nan.h:195:70: error: return-statement with a value, in function returning 'void' [-fpermissive]
 # define NanReturnValue(value) return args.GetReturnValue().Set(value)
                                                                      ^
../src/bufferutil.cc:60:5: note: in expansion of macro â€˜NanReturnValueâ€™
     NanReturnValue(True());
     ^~~~~~~~~~~~~~
../src/bufferutil.cc: In static member function â€˜static void BufferUtil::Unmask(const v8::FunctionCallbackInfo<v8::Value>&)â€™:
../src/bufferutil.cc:81:25: error: too few arguments to function â€˜v8::Local<v8::Boolean> v8::True(v8::Isolate*)â€™
     NanReturnValue(True());
                         ^
/home/marcus/Documents/Projects/spadework-seo/node_modules/tomahawk/node_modules/socket.io/node_modules/engine.io/node_modules/ws/node_modules/nan/nan.h:195:65: note: in definition of macro â€˜NanReturnValueâ€™
 # define NanReturnValue(value) return args.GetReturnValue().Set(value)
                                                                 ^~~~~
In file included from ../src/bufferutil.cc:7:0:
/home/marcus/.electron-gyp/iojs-2.0.18/deps/v8/include/v8.h:10096:16: note: declared here
 Local<Boolean> True(Isolate* isolate) {
                ^~~~
In file included from ../src/bufferutil.cc:15:0:
/home/marcus/Documents/Projects/spadework-seo/node_modules/tomahawk/node_modules/socket.io/node_modules/engine.io/node_modules/ws/node_modules/nan/nan.h:195:70: error: return-statement with a value, in function returning 'void' [-fpermissive]
 # define NanReturnValue(value) return args.GetReturnValue().Set(value)
                                                                      ^
../src/bufferutil.cc:81:5: note: in expansion of macro â€˜NanReturnValueâ€™
     NanReturnValue(True());
     ^~~~~~~~~~~~~~
../src/bufferutil.cc: In static member function â€˜static void BufferUtil::Mask(const v8::FunctionCallbackInfo<v8::Value>&)â€™:
../src/bufferutil.cc:106:25: error: too few arguments to function â€˜v8::Local<v8::Boolean> v8::True(v8::Isolate*)â€™
     NanReturnValue(True());
                         ^
/home/marcus/Documents/Projects/spadework-seo/node_modules/tomahawk/node_modules/socket.io/node_modules/engine.io/node_modules/ws/node_modules/nan/nan.h:195:65: note: in definition of macro â€˜NanReturnValueâ€™
 # define NanReturnValue(value) return args.GetReturnValue().Set(value)
                                                                 ^~~~~
In file included from ../src/bufferutil.cc:7:0:
/home/marcus/.electron-gyp/iojs-2.0.18/deps/v8/include/v8.h:10096:16: note: declared here
 Local<Boolean> True(Isolate* isolate) {
                ^~~~
In file included from ../src/bufferutil.cc:15:0:
/home/marcus/Documents/Projects/spadework-seo/node_modules/tomahawk/node_modules/socket.io/node_modules/engine.io/node_modules/ws/node_modules/nan/nan.h:195:70: error: return-statement with a value, in function returning 'void' [-fpermissive]
 # define NanReturnValue(value) return args.GetReturnValue().Set(value)
                                                                      ^
../src/bufferutil.cc:106:5: note: in expansion of macro â€˜NanReturnValueâ€™
     NanReturnValue(True());
     ^~~~~~~~~~~~~~
/home/marcus/Documents/Projects/spadework-seo/node_modules/tomahawk/node_modules/socket.io/node_modules/engine.io/node_modules/ws/node_modules/nan/nan.h: In instantiation of â€˜void NanDispose(v8::Persistent<T, v8::NonCopyablePersistentTraits<T> >&) [with T = v8::Object]â€™:
/home/marcus/Documents/Projects/spadework-seo/node_modules/tomahawk/node_modules/socket.io/node_modules/engine.io/node_modules/ws/node_modules/nan/nan.h:498:34:   required from here
/home/marcus/Documents/Projects/spadework-seo/node_modules/tomahawk/node_modules/socket.io/node_modules/engine.io/node_modules/ws/node_modules/nan/nan.h:237:12: error: â€˜class v8::Persistent<v8::Object>â€™ has no member named â€˜Disposeâ€™
     handle.Dispose(nan_isolate);
     ~~~~~~~^~~~~~~
/home/marcus/Documents/Projects/spadework-seo/node_modules/tomahawk/node_modules/socket.io/node_modules/engine.io/node_modules/ws/node_modules/nan/nan.h:238:12: error: â€˜class v8::Persistent<v8::Object>â€™ has no member named â€˜Clearâ€™
     handle.Clear();
     ~~~~~~~^~~~~
bufferutil.target.mk:103: recipe for target 'Release/obj.target/bufferutil/src/bufferutil.o' failed
make: *** [Release/obj.target/bufferutil/src/bufferutil.o] Error 1
make: Leaving directory '/home/marcus/Documents/Projects/spadework-seo/node_modules/tomahawk/node_modules/socket.io/node_modules/engine.io/node_modules/ws/build'
gyp ERR! build error 
gyp ERR! stack Error: `make` failed with exit code: 2
gyp ERR! stack     at ChildProcess.onExit (/usr/lib/node_modules/electron-rebuild/node_modules/node-gyp/lib/build.js:194:23)
gyp ERR! stack     at ChildProcess.emit (events.js:209:13)
gyp ERR! stack     at Process.ChildProcess._handle.onexit (internal/child_process.js:272:12)
gyp ERR! System Linux 4.15.0-64-generic
gyp ERR! command "/usr/bin/node" "/usr/lib/node_modules/electron-rebuild/node_modules/.bin/node-gyp" "rebuild" "--target=2.0.18" "--arch=x64" "--dist-url=https://electronjs.org/headers" "--build-from-source"
gyp ERR! cwd /home/marcus/Documents/Projects/spadework-seo/node_modules/tomahawk/node_modules/socket.io/node_modules/engine.io/node_modules/ws
gyp ERR! node -v v12.10.0
gyp ERR! node-gyp -v v5.0.4
gyp ERR! not ok 

Failed with exit code: 1

Error: gyp info it worked if it ends with ok
gyp info using node-gyp@5.0.4
gyp info using node@12.10.0 | linux | x64
gyp info find Python using Python version 2.7.15 found at "/usr/bin/python"
gyp info spawn /usr/bin/python
gyp info spawn args [
gyp info spawn args   '/usr/lib/node_modules/electron-rebuild/node_modules/node-gyp/gyp/gyp_main.py',
gyp info spawn args   'binding.gyp',
gyp info spawn args   '-f',
gyp info spawn args   'make',
gyp info spawn args   '-I',
gyp info spawn args   '/home/marcus/Documents/Projects/spadework-seo/node_modules/tomahawk/node_modules/socket.io/node_modules/engine.io/node_modules/ws/build/config.gypi',
gyp info spawn args   '-I',
gyp info spawn args   '/usr/lib/node_modules/electron-rebuild/node_modules/node-gyp/addon.gypi',
gyp info spawn args   '-I',
gyp info spawn args   '/home/marcus/.electron-gyp/iojs-2.0.18/common.gypi',
gyp info spawn args   '-Dlibrary=shared_library',
gyp info spawn args   '-Dvisibility=default',
gyp info spawn args   '-Dnode_root_dir=/home/marcus/.electron-gyp/iojs-2.0.18',
gyp info spawn args   '-Dnode_gyp_dir=/usr/lib/node_modules/electron-rebuild/node_modules/node-gyp',
gyp info spawn args   '-Dnode_lib_file=/home/marcus/.electron-gyp/iojs-2.0.18/<(target_arch)/iojs.lib',
gyp info spawn args   '-Dmodule_root_dir=/home/marcus/Documents/Projects/spadework-seo/node_modules/tomahawk/node_modules/socket.io/node_modules/engine.io/node_modules/ws',
gyp info spawn args   '-Dnode_engine=v8',
gyp info spawn args   '--depth=.',
gyp info spawn args   '--no-parallel',
gyp info spawn args   '--generator-output',
gyp info spawn args   'build',
gyp info spawn args   '-Goutput_dir=.'
gyp info spawn args ]
gyp info spawn make
gyp info spawn args [ 'BUILDTYPE=Release', '-C', 'build' ]
make: Entering directory '/home/marcus/Documents/Projects/spadework-seo/node_modules/tomahawk/node_modules/socket.io/node_modules/engine.io/node_modules/ws/build'
  CXX(target) Release/obj.target/bufferutil/src/bufferutil.o
In file included from ../src/bufferutil.cc:15:0:
/home/marcus/Documents/Projects/spadework-seo/node_modules/tomahawk/node_modules/socket.io/node_modules/engine.io/node_modules/ws/node_modules/nan/nan.h: In function â€˜void NanThrowError(const char*)â€™:
/home/marcus/Documents/Projects/spadework-seo/node_modules/tomahawk/node_modules/socket.io/node_modules/engine.io/node_modules/ws/node_modules/nan/nan.h:209:11: error: â€˜ThrowExceptionâ€™ is not a member of â€˜v8â€™
       v8::ThrowException(fun(v8::String::New(errmsg)));                        \
           ^
/home/marcus/Documents/Projects/spadework-seo/node_modules/tomahawk/node_modules/socket.io/node_modules/engine.io/node_modules/ws/node_modules/nan/nan.h:213:5: note: in expansion of macro â€˜_NAN_THROW_ERRORâ€™
     _NAN_THROW_ERROR(v8::Exception::Error, errmsg);
     ^~~~~~~~~~~~~~~~
/home/marcus/Documents/Projects/spadework-seo/node_modules/tomahawk/node_modules/socket.io/node_modules/engine.io/node_modules/ws/node_modules/nan/nan.h:209:11: note: suggested alternative: â€˜Exceptionâ€™
       v8::ThrowException(fun(v8::String::New(errmsg)));                        \
           ^
/home/marcus/Documents/Projects/spadework-seo/node_modules/tomahawk/node_modules/socket.io/node_modules/engine.io/node_modules/ws/node_modules/nan/nan.h:213:5: note: in expansion of macro â€˜_NAN_THROW_ERRORâ€™
     _NAN_THROW_ERROR(v8::Exception::Error, errmsg);
     ^~~~~~~~~~~~~~~~
/home/marcus/Documents/Projects/spadework-seo/node_modules/tomahawk/node_modules/socket.io/node_modules/engine.io/node_modules/ws/node_modules/nan/nan.h:209:42: error: â€˜Newâ€™ is not a member of â€˜v8::Stringâ€™
       v8::ThrowException(fun(v8::String::New(errmsg)));                        \
                                          ^
/home/marcus/Documents/Projects/spadework-seo/node_modules/tomahawk/node_modules/socket.io/node_modules/engine.io/node_modules/ws/node_modules/nan/nan.h:213:5: note: in expansion of macro â€˜_NAN_THROW_ERRORâ€™
     _NAN_THROW_ERROR(v8::Exception::Error, errmsg);
     ^~~~~~~~~~~~~~~~
/home/marcus/Documents/Projects/spadework-seo/node_modules/tomahawk/node_modules/socket.io/node_modules/engine.io/node_modules/ws/node_modules/nan/nan.h: In function â€˜void NanThrowError(v8::Handle<v8::Value>)â€™:
/home/marcus/Documents/Projects/spadework-seo/node_modules/tomahawk/node_modules/socket.io/node_modules/engine.io/node_modules/ws/node_modules/nan/nan.h:218:9: error: â€˜ThrowExceptionâ€™ is not a member of â€˜v8â€™
     v8::ThrowException(error);
         ^~~~~~~~~~~~~~
/home/marcus/Documents/Projects/spadework-seo/node_modules/tomahawk/node_modules/socket.io/node_modules/engine.io/node_modules/ws/node_modules/nan/nan.h:218:9: note: suggested alternative: â€˜Exceptionâ€™
     v8::ThrowException(error);
         ^~~~~~~~~~~~~~
         Exception
/home/marcus/Documents/Projects/spadework-seo/node_modules/tomahawk/node_modules/socket.io/node_modules/engine.io/node_modules/ws/node_modules/nan/nan.h: In function â€˜void NanThrowError(const char*, int)â€™:
/home/marcus/Documents/Projects/spadework-seo/node_modules/tomahawk/node_modules/socket.io/node_modules/engine.io/node_modules/ws/node_modules/nan/nan.h:222:65: error: â€˜Newâ€™ is not a member of â€˜v8::Stringâ€™
     v8::Local<v8::Value> err = v8::Exception::Error(v8::String::New(msg));
                                                                 ^~~
/home/marcus/Documents/Projects/spadework-seo/node_modules/tomahawk/node_modules/socket.io/node_modules/engine.io/node_modules/ws/node_modules/nan/nan.h:224:26: error: â€˜Newâ€™ is not a member of â€˜v8::Stringâ€™
     obj->Set(v8::String::New("code"), v8::Int32::New(errorNumber));
                          ^~~
/home/marcus/Documents/Projects/spadework-seo/node_modules/tomahawk/node_modules/socket.io/node_modules/engine.io/node_modules/ws/node_modules/nan/nan.h:224:65: error: no matching function for call to â€˜v8::Int32::New(const int&)â€™
     obj->Set(v8::String::New("code"), v8::Int32::New(errorNumber));
                                                                 ^
In file included from ../src/bufferutil.cc:7:0:
/home/marcus/.electron-gyp/iojs-2.0.18/deps/v8/include/v8.h:2914:25: note: candidate: static v8::Local<v8::Integer> v8::Integer::New(v8::Isolate*, int32_t)
   static Local<Integer> New(Isolate* isolate, int32_t value);
                         ^~~
/home/marcus/.electron-gyp/iojs-2.0.18/deps/v8/include/v8.h:2914:25: note:   candidate expects 2 arguments, 1 provided
In file included from ../src/bufferutil.cc:15:0:
/home/marcus/Documents/Projects/spadework-seo/node_modules/tomahawk/node_modules/socket.io/node_modules/engine.io/node_modules/ws/node_modules/nan/nan.h: In function â€˜void NanThrowTypeError(const char*)â€™:
/home/marcus/Documents/Projects/spadework-seo/node_modules/tomahawk/node_modules/socket.io/node_modules/engine.io/node_modules/ws/node_modules/nan/nan.h:209:11: error: â€˜ThrowExceptionâ€™ is not a member of â€˜v8â€™
       v8::ThrowException(fun(v8::String::New(errmsg)));                        \
           ^
/home/marcus/Documents/Projects/spadework-seo/node_modules/tomahawk/node_modules/socket.io/node_modules/engine.io/node_modules/ws/node_modules/nan/nan.h:229:5: note: in expansion of macro â€˜_NAN_THROW_ERRORâ€™
     _NAN_THROW_ERROR(v8::Exception::TypeError, errmsg);
     ^~~~~~~~~~~~~~~~
/home/marcus/Documents/Projects/spadework-seo/node_modules/tomahawk/node_modules/socket.io/node_modules/engine.io/node_modules/ws/node_modules/nan/nan.h:209:11: note: suggested alternative: â€˜Exceptionâ€™
       v8::ThrowException(fun(v8::String::New(errmsg)));                        \
           ^
/home/marcus/Documents/Projects/spadework-seo/node_modules/tomahawk/node_modules/socket.io/node_modules/engine.io/node_modules/ws/node_modules/nan/nan.h:229:5: note: in expansion of macro â€˜_NAN_THROW_ERRORâ€™
     _NAN_THROW_ERROR(v8::Exception::TypeError, errmsg);
     ^~~~~~~~~~~~~~~~
/home/marcus/Documents/Projects/spadework-seo/node_modules/tomahawk/node_modules/socket.io/node_modules/engine.io/node_modules/ws/node_modules/nan/nan.h:209:42: error: â€˜Newâ€™ is not a member of â€˜v8::Stringâ€™
       v8::ThrowException(fun(v8::String::New(errmsg)));                        \
                                          ^
/home/marcus/Documents/Projects/spadework-seo/node_modules/tomahawk/node_modules/socket.io/node_modules/engine.io/node_modules/ws/node_modules/nan/nan.h:229:5: note: in expansion of macro â€˜_NAN_THROW_ERRORâ€™
     _NAN_THROW_ERROR(v8::Exception::TypeError, errmsg);
     ^~~~~~~~~~~~~~~~
/home/marcus/Documents/Projects/spadework-seo/node_modules/tomahawk/node_modules/socket.io/node_modules/engine.io/node_modules/ws/node_modules/nan/nan.h: In function â€˜void NanThrowRangeError(const char*)â€™:
/home/marcus/Documents/Projects/spadework-seo/node_modules/tomahawk/node_modules/socket.io/node_modules/engine.io/node_modules/ws/node_modules/nan/nan.h:209:11: error: â€˜ThrowExceptionâ€™ is not a member of â€˜v8â€™
       v8::ThrowException(fun(v8::String::New(errmsg)));                        \
           ^
/home/marcus/Documents/Projects/spadework-seo/node_modules/tomahawk/node_modules/socket.io/node_modules/engine.io/node_modules/ws/node_modules/nan/nan.h:233:5: note: in expansion of macro â€˜_NAN_THROW_ERRORâ€™
     _NAN_THROW_ERROR(v8::Exception::RangeError, errmsg);
     ^~~~~~~~~~~~~~~~
/home/marcus/Documents/Projects/spadework-seo/node_modules/tomahawk/node_modules/socket.io/node_modules/engine.io/node_modules/ws/node_modules/nan/nan.h:209:11: note: suggested alternative: â€˜Exceptionâ€™
       v8::ThrowException(fun(v8::String::New(errmsg)));                        \
           ^
/home/marcus/Documents/Projects/spadework-seo/node_modules/tomahawk/node_modules/socket.io/node_modules/engine.io/node_modules/ws/node_modules/nan/nan.h:233:5: note: in expansion of macro â€˜_NAN_THROW_ERRORâ€™
     _NAN_THROW_ERROR(v8::Exception::RangeError, errmsg);
     ^~~~~~~~~~~~~~~~
/home/marcus/Documents/Projects/spadework-seo/node_modules/tomahawk/node_modules/socket.io/node_modules/engine.io/node_modules/ws/node_modules/nan/nan.h:209:42: error: â€˜Newâ€™ is not a member of â€˜v8::Stringâ€™
       v8::ThrowException(fun(v8::String::New(errmsg)));                        \
                                          ^
/home/marcus/Documents/Projects/spadework-seo/node_modules/tomahawk/node_modules/socket.io/node_modules/engine.io/node_modules/ws/node_modules/nan/nan.h:233:5: note: in expansion of macro â€˜_NAN_THROW_ERRORâ€™
     _NAN_THROW_ERROR(v8::Exception::RangeError, errmsg);
     ^~~~~~~~~~~~~~~~
/home/marcus/Documents/Projects/spadework-seo/node_modules/tomahawk/node_modules/socket.io/node_modules/engine.io/node_modules/ws/node_modules/nan/nan.h: At global scope:
/home/marcus/Documents/Projects/spadework-seo/node_modules/tomahawk/node_modules/socket.io/node_modules/engine.io/node_modules/ws/node_modules/nan/nan.h:244:13: error: â€˜node::smallocâ€™ has not been declared
       node::smalloc::FreeCallback callback,
             ^~~~~~~
/home/marcus/Documents/Projects/spadework-seo/node_modules/tomahawk/node_modules/socket.io/node_modules/engine.io/node_modules/ws/node_modules/nan/nan.h:244:35: error: expected â€˜,â€™ or â€˜...â€™ before â€˜callbackâ€™
       node::smalloc::FreeCallback callback,
                                   ^~~~~~~~
/home/marcus/Documents/Projects/spadework-seo/node_modules/tomahawk/node_modules/socket.io/node_modules/engine.io/node_modules/ws/node_modules/nan/nan.h: In function â€˜v8::Local<v8::Object> NanNewBufferHandle(char*, size_t, int)â€™:
/home/marcus/Documents/Projects/spadework-seo/node_modules/tomahawk/node_modules/socket.io/node_modules/engine.io/node_modules/ws/node_modules/nan/nan.h:246:44: error: â€˜callbackâ€™ was not declared in this scope
     return node::Buffer::New(data, length, callback, hint);
                                            ^~~~~~~~
/home/marcus/Documents/Projects/spadework-seo/node_modules/tomahawk/node_modules/socket.io/node_modules/engine.io/node_modules/ws/node_modules/nan/nan.h:246:44: note: suggested alternative: â€˜callocâ€™
     return node::Buffer::New(data, length, callback, hint);
                                            ^~~~~~~~
                                            calloc
/home/marcus/Documents/Projects/spadework-seo/node_modules/tomahawk/node_modules/socket.io/node_modules/engine.io/node_modules/ws/node_modules/nan/nan.h:246:54: error: â€˜hintâ€™ was not declared in this scope
     return node::Buffer::New(data, length, callback, hint);
                                                      ^~~~
/home/marcus/Documents/Projects/spadework-seo/node_modules/tomahawk/node_modules/socket.io/node_modules/engine.io/node_modules/ws/node_modules/nan/nan.h:246:54: note: suggested alternative: â€˜uintâ€™
     return node::Buffer::New(data, length, callback, hint);
                                                      ^~~~
                                                      uint
/home/marcus/Documents/Projects/spadework-seo/node_modules/tomahawk/node_modules/socket.io/node_modules/engine.io/node_modules/ws/node_modules/nan/nan.h: In function â€˜v8::Local<v8::Object> NanNewBufferHandle(char*, uint32_t)â€™:
/home/marcus/Documents/Projects/spadework-seo/node_modules/tomahawk/node_modules/socket.io/node_modules/engine.io/node_modules/ws/node_modules/nan/nan.h:251:40: error: no matching function for call to â€˜New(char*&, uint32_t&)â€™
     return node::Buffer::New(data, size);
                                        ^
In file included from ../src/bufferutil.cc:9:0:
/home/marcus/.electron-gyp/iojs-2.0.18/src/node_buffer.h:52:40: note: candidate: v8::MaybeLocal<v8::Object> node::Buffer::New(v8::Isolate*, size_t)
 NODE_EXTERN v8::MaybeLocal<v8::Object> New(v8::Isolate* isolate, size_t length);
                                        ^~~
/home/marcus/.electron-gyp/iojs-2.0.18/src/node_buffer.h:52:40: note:   no known conversion for argument 1 from â€˜char*â€™ to â€˜v8::Isolate*â€™
/home/marcus/.electron-gyp/iojs-2.0.18/src/node_buffer.h:55:40: note: candidate: v8::MaybeLocal<v8::Object> node::Buffer::New(v8::Isolate*, v8::Local<v8::String>, node::encoding)
 NODE_EXTERN v8::MaybeLocal<v8::Object> New(v8::Isolate* isolate,
                                        ^~~
/home/marcus/.electron-gyp/iojs-2.0.18/src/node_buffer.h:55:40: note:   no known conversion for argument 1 from â€˜char*â€™ to â€˜v8::Isolate*â€™
/home/marcus/.electron-gyp/iojs-2.0.18/src/node_buffer.h:60:40: note: candidate: v8::MaybeLocal<v8::Object> node::Buffer::New(v8::Isolate*, char*, size_t, node::Buffer::FreeCallback, void*)
 NODE_EXTERN v8::MaybeLocal<v8::Object> New(v8::Isolate* isolate,
                                        ^~~
/home/marcus/.electron-gyp/iojs-2.0.18/src/node_buffer.h:60:40: note:   candidate expects 5 arguments, 2 provided
/home/marcus/.electron-gyp/iojs-2.0.18/src/node_buffer.h:67:40: note: candidate: v8::MaybeLocal<v8::Object> node::Buffer::New(v8::Isolate*, char*, size_t)
 NODE_EXTERN v8::MaybeLocal<v8::Object> New(v8::Isolate* isolate,
                                        ^~~
/home/marcus/.electron-gyp/iojs-2.0.18/src/node_buffer.h:67:40: note:   candidate expects 3 arguments, 2 provided
In file included from ../src/bufferutil.cc:15:0:
/home/marcus/Documents/Projects/spadework-seo/node_modules/tomahawk/node_modules/socket.io/node_modules/engine.io/node_modules/ws/node_modules/nan/nan.h: In function â€˜v8::Local<v8::Object> NanNewBufferHandle(uint32_t)â€™:
/home/marcus/Documents/Projects/spadework-seo/node_modules/tomahawk/node_modules/socket.io/node_modules/engine.io/node_modules/ws/node_modules/nan/nan.h:255:34: error: no matching function for call to â€˜New(uint32_t&)â€™
     return node::Buffer::New(size);
                                  ^
In file included from ../src/bufferutil.cc:9:0:
/home/marcus/.electron-gyp/iojs-2.0.18/src/node_buffer.h:52:40: note: candidate: v8::MaybeLocal<v8::Object> node::Buffer::New(v8::Isolate*, size_t)
 NODE_EXTERN v8::MaybeLocal<v8::Object> New(v8::Isolate* isolate, size_t length);
                                        ^~~
/home/marcus/.electron-gyp/iojs-2.0.18/src/node_buffer.h:52:40: note:   candidate expects 2 arguments, 1 provided
/home/marcus/.electron-gyp/iojs-2.0.18/src/node_buffer.h:55:40: note: candidate: v8::MaybeLocal<v8::Object> node::Buffer::New(v8::Isolate*, v8::Local<v8::String>, node::encoding)
 NODE_EXTERN v8::MaybeLocal<v8::Object> New(v8::Isolate* isolate,
                                        ^~~
/home/marcus/.electron-gyp/iojs-2.0.18/src/node_buffer.h:55:40: note:   candidate expects 3 arguments, 1 provided
/home/marcus/.electron-gyp/iojs-2.0.18/src/node_buffer.h:60:40: note: candidate: v8::MaybeLocal<v8::Object> node::Buffer::New(v8::Isolate*, char*, size_t, node::Buffer::FreeCallback, void*)
 NODE_EXTERN v8::MaybeLocal<v8::Object> New(v8::Isolate* isolate,
                                        ^~~
/home/marcus/.electron-gyp/iojs-2.0.18/src/node_buffer.h:60:40: note:   candidate expects 5 arguments, 1 provided
/home/marcus/.electron-gyp/iojs-2.0.18/src/node_buffer.h:67:40: note: candidate: v8::MaybeLocal<v8::Object> node::Buffer::New(v8::Isolate*, char*, size_t)
 NODE_EXTERN v8::MaybeLocal<v8::Object> New(v8::Isolate* isolate,
                                        ^~~
/home/marcus/.electron-gyp/iojs-2.0.18/src/node_buffer.h:67:40: note:   candidate expects 3 arguments, 1 provided
In file included from ../src/bufferutil.cc:15:0:
/home/marcus/Documents/Projects/spadework-seo/node_modules/tomahawk/node_modules/socket.io/node_modules/engine.io/node_modules/ws/node_modules/nan/nan.h: In function â€˜v8::Local<v8::Object> NanBufferUse(char*, uint32_t)â€™:
/home/marcus/Documents/Projects/spadework-seo/node_modules/tomahawk/node_modules/socket.io/node_modules/engine.io/node_modules/ws/node_modules/nan/nan.h:259:26: error: â€˜Useâ€™ is not a member of â€˜node::Bufferâ€™
     return node::Buffer::Use(data, size);
                          ^~~
/home/marcus/Documents/Projects/spadework-seo/node_modules/tomahawk/node_modules/socket.io/node_modules/engine.io/node_modules/ws/node_modules/nan/nan.h: In constructor â€˜NanCallback::NanCallback(const v8::Local<v8::Function>&)â€™:
/home/marcus/Documents/Projects/spadework-seo/node_modules/tomahawk/node_modules/socket.io/node_modules/engine.io/node_modules/ws/node_modules/nan/nan.h:450:49: error: no matching function for call to â€˜v8::Object::New()â€™
     v8::Local<v8::Object> obj = v8::Object::New();
                                                 ^
In file included from ../src/bufferutil.cc:7:0:
/home/marcus/.electron-gyp/iojs-2.0.18/deps/v8/include/v8.h:3476:24: note: candidate: static v8::Local<v8::Object> v8::Object::New(v8::Isolate*)
   static Local<Object> New(Isolate* isolate);
                        ^~~
/home/marcus/.electron-gyp/iojs-2.0.18/deps/v8/include/v8.h:3476:24: note:   candidate expects 1 argument, 0 provided
In file included from ../src/bufferutil.cc:15:0:
/home/marcus/Documents/Projects/spadework-seo/node_modules/tomahawk/node_modules/socket.io/node_modules/engine.io/node_modules/ws/node_modules/nan/nan.h:103:38: error: â€˜NewSymbolâ€™ is not a member of â€˜v8::Stringâ€™
 #define NanSymbol(value) v8::String::NewSymbol(value)
                                      ^
/home/marcus/Documents/Projects/spadework-seo/node_modules/tomahawk/node_modules/socket.io/node_modules/engine.io/node_modules/ws/node_modules/nan/nan.h:451:14: note: in expansion of macro â€˜NanSymbolâ€™
     obj->Set(NanSymbol("callback"), fn);
              ^~~~~~~~~
/home/marcus/Documents/Projects/spadework-seo/node_modules/tomahawk/node_modules/socket.io/node_modules/engine.io/node_modules/ws/node_modules/nan/nan.h: In destructor â€˜NanCallback::~NanCallback()â€™:
/home/marcus/Documents/Projects/spadework-seo/node_modules/tomahawk/node_modules/socket.io/node_modules/engine.io/node_modules/ws/node_modules/nan/nan.h:457:12: error: â€˜class v8::Persistent<v8::Object>â€™ has no member named â€˜Disposeâ€™
     handle.Dispose();
            ^~~~~~~
/home/marcus/Documents/Projects/spadework-seo/node_modules/tomahawk/node_modules/socket.io/node_modules/engine.io/node_modules/ws/node_modules/nan/nan.h:458:12: error: â€˜class v8::Persistent<v8::Object>â€™ has no member named â€˜Clearâ€™
     handle.Clear();
            ^~~~~
/home/marcus/Documents/Projects/spadework-seo/node_modules/tomahawk/node_modules/socket.io/node_modules/engine.io/node_modules/ws/node_modules/nan/nan.h: In member function â€˜v8::Local<v8::Function> NanCallback::GetFunction()â€™:
/home/marcus/Documents/Projects/spadework-seo/node_modules/tomahawk/node_modules/socket.io/node_modules/engine.io/node_modules/ws/node_modules/nan/nan.h:103:38: error: â€˜NewSymbolâ€™ is not a member of â€˜v8::Stringâ€™
 #define NanSymbol(value) v8::String::NewSymbol(value)
                                      ^
/home/marcus/Documents/Projects/spadework-seo/node_modules/tomahawk/node_modules/socket.io/node_modules/engine.io/node_modules/ws/node_modules/nan/nan.h:462:46: note: in expansion of macro â€˜NanSymbolâ€™
     return NanPersistentToLocal(handle)->Get(NanSymbol("callback"))
                                              ^~~~~~~~~
/home/marcus/Documents/Projects/spadework-seo/node_modules/tomahawk/node_modules/socket.io/node_modules/engine.io/node_modules/ws/node_modules/nan/nan.h:463:25: error: expected primary-expression before â€˜>â€™ token
         .As<v8::Function>();
                         ^
/home/marcus/Documents/Projects/spadework-seo/node_modules/tomahawk/node_modules/socket.io/node_modules/engine.io/node_modules/ws/node_modules/nan/nan.h:463:27: error: expected primary-expression before â€˜)â€™ token
         .As<v8::Function>();
                           ^
/home/marcus/Documents/Projects/spadework-seo/node_modules/tomahawk/node_modules/socket.io/node_modules/engine.io/node_modules/ws/node_modules/nan/nan.h: In member function â€˜void NanCallback::Call(int, v8::Local<v8::Value>*)â€™:
/home/marcus/Documents/Projects/spadework-seo/node_modules/tomahawk/node_modules/socket.io/node_modules/engine.io/node_modules/ws/node_modules/nan/nan.h:103:38: error: â€˜NewSymbolâ€™ is not a member of â€˜v8::Stringâ€™
 #define NanSymbol(value) v8::String::NewSymbol(value)
                                      ^
/home/marcus/Documents/Projects/spadework-seo/node_modules/tomahawk/node_modules/socket.io/node_modules/engine.io/node_modules/ws/node_modules/nan/nan.h:475:12: note: in expansion of macro â€˜NanSymbolâ€™
        Get(NanSymbol("callback")).As<v8::Function>();
            ^~~~~~~~~
/home/marcus/Documents/Projects/spadework-seo/node_modules/tomahawk/node_modules/socket.io/node_modules/engine.io/node_modules/ws/node_modules/nan/nan.h:475:50: error: expected primary-expression before â€˜>â€™ token
        Get(NanSymbol("callback")).As<v8::Function>();
                                                  ^
/home/marcus/Documents/Projects/spadework-seo/node_modules/tomahawk/node_modules/socket.io/node_modules/engine.io/node_modules/ws/node_modules/nan/nan.h:475:52: error: expected primary-expression before â€˜)â€™ token
        Get(NanSymbol("callback")).As<v8::Function>();
                                                    ^
/home/marcus/Documents/Projects/spadework-seo/node_modules/tomahawk/node_modules/socket.io/node_modules/engine.io/node_modules/ws/node_modules/nan/nan.h:476:18: warning: â€˜v8::TryCatch::TryCatch()â€™ is deprecated: Use isolate version [-Wdeprecated-declarations]
     v8::TryCatch try_catch;
                  ^~~~~~~~~
In file included from /home/marcus/.electron-gyp/iojs-2.0.18/deps/v8/include/v8.h:26:0,
                 from ../src/bufferutil.cc:7:
/home/marcus/.electron-gyp/iojs-2.0.18/deps/v8/include/v8.h:8259:40: note: declared here
   V8_DEPRECATED("Use isolate version", TryCatch());
                                        ^
/home/marcus/.electron-gyp/iojs-2.0.18/deps/v8/include/v8config.h:318:3: note: in definition of macro â€˜V8_DEPRECATEDâ€™
   declarator __attribute__((deprecated(message)))
   ^~~~~~~~~~
In file included from ../src/bufferutil.cc:15:0:
/home/marcus/Documents/Projects/spadework-seo/node_modules/tomahawk/node_modules/socket.io/node_modules/engine.io/node_modules/ws/node_modules/nan/nan.h:477:33: error: â€˜GetCurrentâ€™ is not a member of â€˜v8::Contextâ€™
     callback->Call(v8::Context::GetCurrent()->Global(), argc, argv);
                                 ^~~~~~~~~~
/home/marcus/Documents/Projects/spadework-seo/node_modules/tomahawk/node_modules/socket.io/node_modules/engine.io/node_modules/ws/node_modules/nan/nan.h:479:37: warning: â€˜void node::FatalException(const v8::TryCatch&)â€™ is deprecated: Use FatalException(isolate, ...) [-Wdeprecated-declarations]
       node::FatalException(try_catch);
                                     ^
In file included from ../src/bufferutil.cc:8:0:
/home/marcus/.electron-gyp/iojs-2.0.18/src/node.h:351:29: note: declared here
                 inline void FatalException(const v8::TryCatch& try_catch) {
                             ^
/home/marcus/.electron-gyp/iojs-2.0.18/src/node.h:87:42: note: in definition of macro â€˜NODE_DEPRECATEDâ€™
     __attribute__((deprecated(message))) declarator
                                          ^~~~~~~~~~
In file included from ../src/bufferutil.cc:15:0:
/home/marcus/Documents/Projects/spadework-seo/node_modules/tomahawk/node_modules/socket.io/node_modules/engine.io/node_modules/ws/node_modules/nan/nan.h: At global scope:
/home/marcus/Documents/Projects/spadework-seo/node_modules/tomahawk/node_modules/socket.io/node_modules/engine.io/node_modules/ws/node_modules/nan/nan.h:518:3: error: â€˜uv_work_tâ€™ does not name a type; did you mean â€˜uv_loop_sâ€™?
   uv_work_t request;
   ^~~~~~~~~
   uv_loop_s
/home/marcus/Documents/Projects/spadework-seo/node_modules/tomahawk/node_modules/socket.io/node_modules/engine.io/node_modules/ws/node_modules/nan/nan.h: In constructor â€˜NanAsyncWorker::NanAsyncWorker(NanCallback*)â€™:
/home/marcus/Documents/Projects/spadework-seo/node_modules/tomahawk/node_modules/socket.io/node_modules/engine.io/node_modules/ws/node_modules/nan/nan.h:490:5: error: â€˜requestâ€™ was not declared in this scope
     request.data = this;
     ^~~~~~~
/home/marcus/Documents/Projects/spadework-seo/node_modules/tomahawk/node_modules/socket.io/node_modules/engine.io/node_modules/ws/node_modules/nan/nan.h: In member function â€˜void NanAsyncWorker::SavePersistent(const char*, v8::Local<v8::Object>&)â€™:
/home/marcus/Documents/Projects/spadework-seo/node_modules/tomahawk/node_modules/socket.io/node_modules/engine.io/node_modules/ws/node_modules/nan/nan.h:103:38: error: â€˜NewSymbolâ€™ is not a member of â€˜v8::Stringâ€™
 #define NanSymbol(value) v8::String::NewSymbol(value)
                                      ^
/home/marcus/Documents/Projects/spadework-seo/node_modules/tomahawk/node_modules/socket.io/node_modules/engine.io/node_modules/ws/node_modules/nan/nan.h:529:17: note: in expansion of macro â€˜NanSymbolâ€™
     handle->Set(NanSymbol(key), obj);
                 ^~~~~~~~~
/home/marcus/Documents/Projects/spadework-seo/node_modules/tomahawk/node_modules/socket.io/node_modules/engine.io/node_modules/ws/node_modules/nan/nan.h: In member function â€˜v8::Local<v8::Object> NanAsyncWorker::GetFromPersistent(const char*)â€™:
/home/marcus/Documents/Projects/spadework-seo/node_modules/tomahawk/node_modules/socket.io/node_modules/engine.io/node_modules/ws/node_modules/nan/nan.h:103:38: error: â€˜NewSymbolâ€™ is not a member of â€˜v8::Stringâ€™
 #define NanSymbol(value) v8::String::NewSymbol(value)
                                      ^
/home/marcus/Documents/Projects/spadework-seo/node_modules/tomahawk/node_modules/socket.io/node_modules/engine.io/node_modules/ws/node_modules/nan/nan.h:536:24: note: in expansion of macro â€˜NanSymbolâ€™
     return handle->Get(NanSymbol(key)).As<v8::Object>();
                        ^~~~~~~~~
/home/marcus/Documents/Projects/spadework-seo/node_modules/tomahawk/node_modules/socket.io/node_modules/engine.io/node_modules/ws/node_modules/nan/nan.h:536:53: error: expected primary-expression before â€˜>â€™ token
     return handle->Get(NanSymbol(key)).As<v8::Object>();
                                                     ^
/home/marcus/Documents/Projects/spadework-seo/node_modules/tomahawk/node_modules/socket.io/node_modules/engine.io/node_modules/ws/node_modules/nan/nan.h:536:55: error: expected primary-expression before â€˜)â€™ token
     return handle->Get(NanSymbol(key)).As<v8::Object>();
                                                       ^
/home/marcus/Documents/Projects/spadework-seo/node_modules/tomahawk/node_modules/socket.io/node_modules/engine.io/node_modules/ws/node_modules/nan/nan.h: In member function â€˜virtual void NanAsyncWorker::HandleErrorCallback()â€™:
/home/marcus/Documents/Projects/spadework-seo/node_modules/tomahawk/node_modules/socket.io/node_modules/engine.io/node_modules/ws/node_modules/nan/nan.h:549:42: error: â€˜Newâ€™ is not a member of â€˜v8::Stringâ€™
         v8::Exception::Error(v8::String::New(errmsg))
                                          ^~~
/home/marcus/Documents/Projects/spadework-seo/node_modules/tomahawk/node_modules/socket.io/node_modules/engine.io/node_modules/ws/node_modules/nan/nan.h: At global scope:
/home/marcus/Documents/Projects/spadework-seo/node_modules/tomahawk/node_modules/socket.io/node_modules/engine.io/node_modules/ws/node_modules/nan/nan.h:555:30: error: variable or field â€˜NanAsyncExecuteâ€™ declared void
 inline void NanAsyncExecute (uv_work_t* req) {
                              ^~~~~~~~~
/home/marcus/Documents/Projects/spadework-seo/node_modules/tomahawk/node_modules/socket.io/node_modules/engine.io/node_modules/ws/node_modules/nan/nan.h:555:30: error: â€˜uv_work_tâ€™ was not declared in this scope
/home/marcus/Documents/Projects/spadework-seo/node_modules/tomahawk/node_modules/socket.io/node_modules/engine.io/node_modules/ws/node_modules/nan/nan.h:555:30: note: suggested alternative: â€˜uv_loop_sâ€™
 inline void NanAsyncExecute (uv_work_t* req) {
                              ^~~~~~~~~
                              uv_loop_s
/home/marcus/Documents/Projects/spadework-seo/node_modules/tomahawk/node_modules/socket.io/node_modules/engine.io/node_modules/ws/node_modules/nan/nan.h:555:41: error: â€˜reqâ€™ was not declared in this scope
 inline void NanAsyncExecute (uv_work_t* req) {
                                         ^~~
/home/marcus/Documents/Projects/spadework-seo/node_modules/tomahawk/node_modules/socket.io/node_modules/engine.io/node_modules/ws/node_modules/nan/nan.h:555:41: note: suggested alternative: â€˜freeâ€™
 inline void NanAsyncExecute (uv_work_t* req) {
                                         ^~~
                                         free
/home/marcus/Documents/Projects/spadework-seo/node_modules/tomahawk/node_modules/socket.io/node_modules/engine.io/node_modules/ws/node_modules/nan/nan.h:560:38: error: variable or field â€˜NanAsyncExecuteCompleteâ€™ declared void
 inline void NanAsyncExecuteComplete (uv_work_t* req) {
                                      ^~~~~~~~~
/home/marcus/Documents/Projects/spadework-seo/node_modules/tomahawk/node_modules/socket.io/node_modules/engine.io/node_modules/ws/node_modules/nan/nan.h:560:38: error: â€˜uv_work_tâ€™ was not declared in this scope
/home/marcus/Documents/Projects/spadework-seo/node_modules/tomahawk/node_modules/socket.io/node_modules/engine.io/node_modules/ws/node_modules/nan/nan.h:560:38: note: suggested alternative: â€˜uv_loop_sâ€™
 inline void NanAsyncExecuteComplete (uv_work_t* req) {
                                      ^~~~~~~~~
                                      uv_loop_s
/home/marcus/Documents/Projects/spadework-seo/node_modules/tomahawk/node_modules/socket.io/node_modules/engine.io/node_modules/ws/node_modules/nan/nan.h:560:49: error: â€˜reqâ€™ was not declared in this scope
 inline void NanAsyncExecuteComplete (uv_work_t* req) {
                                                 ^~~
/home/marcus/Documents/Projects/spadework-seo/node_modules/tomahawk/node_modules/socket.io/node_modules/engine.io/node_modules/ws/node_modules/nan/nan.h:560:49: note: suggested alternative: â€˜freeâ€™
 inline void NanAsyncExecuteComplete (uv_work_t* req) {
                                                 ^~~
                                                 free
/home/marcus/Documents/Projects/spadework-seo/node_modules/tomahawk/node_modules/socket.io/node_modules/engine.io/node_modules/ws/node_modules/nan/nan.h: In function â€˜void NanAsyncQueueWorker(NanAsyncWorker*)â€™:
/home/marcus/Documents/Projects/spadework-seo/node_modules/tomahawk/node_modules/socket.io/node_modules/engine.io/node_modules/ws/node_modules/nan/nan.h:568:7: error: â€˜uv_default_loopâ€™ was not declared in this scope
       uv_default_loop()
       ^~~~~~~~~~~~~~~
/home/marcus/Documents/Projects/spadework-seo/node_modules/tomahawk/node_modules/socket.io/node_modules/engine.io/node_modules/ws/node_modules/nan/nan.h:569:16: error: â€˜class NanAsyncWorkerâ€™ has no member named â€˜requestâ€™
     , &worker->request
                ^~~~~~~
/home/marcus/Documents/Projects/spadework-seo/node_modules/tomahawk/node_modules/socket.io/node_modules/engine.io/node_modules/ws/node_modules/nan/nan.h:570:7: error: â€˜NanAsyncExecuteâ€™ was not declared in this scope
     , NanAsyncExecute
       ^~~~~~~~~~~~~~~
/home/marcus/Documents/Projects/spadework-seo/node_modules/tomahawk/node_modules/socket.io/node_modules/engine.io/node_modules/ws/node_modules/nan/nan.h:570:7: note: suggested alternative: â€˜NanAsyncWorkerâ€™
     , NanAsyncExecute
       ^~~~~~~~~~~~~~~
       NanAsyncWorker
/home/marcus/Documents/Projects/spadework-seo/node_modules/tomahawk/node_modules/socket.io/node_modules/engine.io/node_modules/ws/node_modules/nan/nan.h:571:8: error: â€˜uv_after_work_cbâ€™ was not declared in this scope
     , (uv_after_work_cb)NanAsyncExecuteComplete
        ^~~~~~~~~~~~~~~~
/home/marcus/Documents/Projects/spadework-seo/node_modules/tomahawk/node_modules/socket.io/node_modules/engine.io/node_modules/ws/node_modules/nan/nan.h:567:3: error: â€˜uv_queue_workâ€™ was not declared in this scope
   uv_queue_work(
   ^~~~~~~~~~~~~
In file included from ../src/bufferutil.cc:15:0:
/home/marcus/Documents/Projects/spadework-seo/node_modules/tomahawk/node_modules/socket.io/node_modules/engine.io/node_modules/ws/node_modules/nan/nan.h: In function â€˜bool _NanGetExternalParts(v8::Handle<v8::Value>, const char**, size_t*)â€™:
/home/marcus/Documents/Projects/spadework-seo/node_modules/tomahawk/node_modules/socket.io/node_modules/engine.io/node_modules/ws/node_modules/nan/nan.h:716:78: error: no matching function for call to â€˜v8::Local<v8::String>::New(v8::Local<v8::String>)â€™
   v8::Local<v8::String> str = v8::Local<v8::String>::New(val.As<v8::String>());
                                                                              ^
In file included from ../src/bufferutil.cc:7:0:
/home/marcus/.electron-gyp/iojs-2.0.18/deps/v8/include/v8.h:293:29: note: candidate: static v8::Local<T> v8::Local<T>::New(v8::Isolate*, v8::Local<T>) [with T = v8::String]
   V8_INLINE static Local<T> New(Isolate* isolate, Local<T> that);
                             ^~~
/home/marcus/.electron-gyp/iojs-2.0.18/deps/v8/include/v8.h:293:29: note:   candidate expects 2 arguments, 1 provided
/home/marcus/.electron-gyp/iojs-2.0.18/deps/v8/include/v8.h:294:29: note: candidate: static v8::Local<T> v8::Local<T>::New(v8::Isolate*, const v8::PersistentBase<T>&) [with T = v8::String]
   V8_INLINE static Local<T> New(Isolate* isolate,
                             ^~~
/home/marcus/.electron-gyp/iojs-2.0.18/deps/v8/include/v8.h:294:29: note:   candidate expects 2 arguments, 1 provided
/home/marcus/.electron-gyp/iojs-2.0.18/deps/v8/include/v8.h:325:29: note: candidate: static v8::Local<T> v8::Local<T>::New(v8::Isolate*, T*) [with T = v8::String]
   V8_INLINE static Local<T> New(Isolate* isolate, T* that);
                             ^~~
/home/marcus/.electron-gyp/iojs-2.0.18/deps/v8/include/v8.h:325:29: note:   candidate expects 2 arguments, 1 provided
In file included from ../src/bufferutil.cc:15:0:
/home/marcus/Documents/Projects/spadework-seo/node_modules/tomahawk/node_modules/socket.io/node_modules/engine.io/node_modules/ws/node_modules/nan/nan.h:718:12: error: â€˜class v8::Stringâ€™ has no member named â€˜IsExternalAsciiâ€™; did you mean â€˜IsExternalâ€™?
   if (str->IsExternalAscii()) {
            ^~~~~~~~~~~~~~~
            IsExternal
/home/marcus/Documents/Projects/spadework-seo/node_modules/tomahawk/node_modules/socket.io/node_modules/engine.io/node_modules/ws/node_modules/nan/nan.h:719:23: error: â€˜ExternalAsciiStringResourceâ€™ in â€˜class v8::Stringâ€™ does not name a type
     const v8::String::ExternalAsciiStringResource* ext;
                       ^~~~~~~~~~~~~~~~~~~~~~~~~~~
/home/marcus/Documents/Projects/spadework-seo/node_modules/tomahawk/node_modules/socket.io/node_modules/engine.io/node_modules/ws/node_modules/nan/nan.h:720:5: error: â€˜extâ€™ was not declared in this scope
     ext = str->GetExternalAsciiStringResource();
     ^~~
/home/marcus/Documents/Projects/spadework-seo/node_modules/tomahawk/node_modules/socket.io/node_modules/engine.io/node_modules/ws/node_modules/nan/nan.h:720:5: note: suggested alternative: â€˜exitâ€™
     ext = str->GetExternalAsciiStringResource();
     ^~~
     exit
/home/marcus/Documents/Projects/spadework-seo/node_modules/tomahawk/node_modules/socket.io/node_modules/engine.io/node_modules/ws/node_modules/nan/nan.h:720:16: error: â€˜class v8::Stringâ€™ has no member named â€˜GetExternalAsciiStringResourceâ€™; did you mean â€˜GetExternalStringResourceâ€™?
     ext = str->GetExternalAsciiStringResource();
                ^~~~~~~~~~~~~~~~~~~~~~~~~~~~~~
                GetExternalStringResource
/home/marcus/Documents/Projects/spadework-seo/node_modules/tomahawk/node_modules/socket.io/node_modules/engine.io/node_modules/ws/node_modules/nan/nan.h: In function â€˜char* NanFromV8String(v8::Handle<v8::Value>, Nan::Encoding, size_t*, char*, size_t, int)â€™:
/home/marcus/Documents/Projects/spadework-seo/node_modules/tomahawk/node_modules/socket.io/node_modules/engine.io/node_modules/ws/node_modules/nan/nan.h:769:15: error: â€˜AsciiValueâ€™ is not a member of â€˜v8::Stringâ€™
   v8::String::AsciiValue value(toStr);
               ^~~~~~~~~~
/home/marcus/Documents/Projects/spadework-seo/node_modules/tomahawk/node_modules/socket.io/node_modules/engine.io/node_modules/ws/node_modules/nan/nan.h:832:39: error: â€˜valueâ€™ was not declared in this scope
       sz_ = _nan_base64_decoded_size(*value, toStr->Length());
                                       ^~~~~
/home/marcus/Documents/Projects/spadework-seo/node_modules/tomahawk/node_modules/socket.io/node_modules/engine.io/node_modules/ws/node_modules/nan/nan.h:832:39: note: suggested alternative: â€˜vallocâ€™
       sz_ = _nan_base64_decoded_size(*value, toStr->Length());
                                       ^~~~~
                                       valloc
../src/bufferutil.cc: In static member function â€˜static void BufferUtil::Initialize(v8::Handle<v8::Object>)â€™:
../src/bufferutil.cc:27:58: error: no matching function for call to â€˜v8::FunctionTemplate::New(void (&)(const v8::FunctionCallbackInfo<v8::Value>&))â€™
     Local<FunctionTemplate> t = FunctionTemplate::New(New);
                                                          ^
In file included from ../src/bufferutil.cc:7:0:
/home/marcus/.electron-gyp/iojs-2.0.18/deps/v8/include/v8.h:5391:34: note: candidate: static v8::Local<v8::FunctionTemplate> v8::FunctionTemplate::New(v8::Isolate*, v8::FunctionCallback, v8::Local<v8::Value>, v8::Local<v8::Signature>, int, v8::ConstructorBehavior)
   static Local<FunctionTemplate> New(
                                  ^~~
/home/marcus/.electron-gyp/iojs-2.0.18/deps/v8/include/v8.h:5391:34: note:   no known conversion for argument 1 from â€˜void(const v8::FunctionCallbackInfo<v8::Value>&)â€™ to â€˜v8::Isolate*â€™
../src/bufferutil.cc:29:52: error: call of overloaded â€˜NODE_SET_METHOD(v8::Local<v8::FunctionTemplate>&, const char [7], void (&)(const v8::FunctionCallbackInfo<v8::Value>&))â€™ is ambiguous
     NODE_SET_METHOD(t, "unmask", BufferUtil::Unmask);
                                                    ^
In file included from ../src/bufferutil.cc:8:0:
/home/marcus/.electron-gyp/iojs-2.0.18/src/node.h:290:13: note: candidate: void node::NODE_SET_METHOD(v8::Local<v8::Template>, const char*, v8::FunctionCallback)
 inline void NODE_SET_METHOD(v8::Local<v8::Template> recv,
             ^~~~~~~~~~~~~~~
/home/marcus/.electron-gyp/iojs-2.0.18/src/node.h:303:13: note: candidate: void node::NODE_SET_METHOD(v8::Local<v8::Object>, const char*, v8::FunctionCallback)
 inline void NODE_SET_METHOD(v8::Local<v8::Object> recv,
             ^~~~~~~~~~~~~~~
../src/bufferutil.cc:30:48: error: call of overloaded â€˜NODE_SET_METHOD(v8::Local<v8::FunctionTemplate>&, const char [5], void (&)(const v8::FunctionCallbackInfo<v8::Value>&))â€™ is ambiguous
     NODE_SET_METHOD(t, "mask", BufferUtil::Mask);
                                                ^
In file included from ../src/bufferutil.cc:8:0:
/home/marcus/.electron-gyp/iojs-2.0.18/src/node.h:290:13: note: candidate: void node::NODE_SET_METHOD(v8::Local<v8::Template>, const char*, v8::FunctionCallback)
 inline void NODE_SET_METHOD(v8::Local<v8::Template> recv,
             ^~~~~~~~~~~~~~~
/home/marcus/.electron-gyp/iojs-2.0.18/src/node.h:303:13: note: candidate: void node::NODE_SET_METHOD(v8::Local<v8::Object>, const char*, v8::FunctionCallback)
 inline void NODE_SET_METHOD(v8::Local<v8::Object> recv,
             ^~~~~~~~~~~~~~~
../src/bufferutil.cc:31:50: error: call of overloaded â€˜NODE_SET_METHOD(v8::Local<v8::FunctionTemplate>&, const char [6], void (&)(const v8::FunctionCallbackInfo<v8::Value>&))â€™ is ambiguous
     NODE_SET_METHOD(t, "merge", BufferUtil::Merge);
                                                  ^
In file included from ../src/bufferutil.cc:8:0:
/home/marcus/.electron-gyp/iojs-2.0.18/src/node.h:290:13: note: candidate: void node::NODE_SET_METHOD(v8::Local<v8::Template>, const char*, v8::FunctionCallback)
 inline void NODE_SET_METHOD(v8::Local<v8::Template> recv,
             ^~~~~~~~~~~~~~~
/home/marcus/.electron-gyp/iojs-2.0.18/src/node.h:303:13: note: candidate: void node::NODE_SET_METHOD(v8::Local<v8::Object>, const char*, v8::FunctionCallback)
 inline void NODE_SET_METHOD(v8::Local<v8::Object> recv,
             ^~~~~~~~~~~~~~~
../src/bufferutil.cc:32:25: error: â€˜NewSymbolâ€™ is not a member of â€˜v8::Stringâ€™
     target->Set(String::NewSymbol("BufferUtil"), t->GetFunction());
                         ^~~~~~~~~
In file included from ../src/bufferutil.cc:15:0:
../src/bufferutil.cc: In static member function â€˜static void BufferUtil::Merge(const v8::FunctionCallbackInfo<v8::Value>&)â€™:
../src/bufferutil.cc:60:25: error: too few arguments to function â€˜v8::Local<v8::Boolean> v8::True(v8::Isolate*)â€™
     NanReturnValue(True());
                         ^
/home/marcus/Documents/Projects/spadework-seo/node_modules/tomahawk/node_modules/socket.io/node_modules/engine.io/node_modules/ws/node_modules/nan/nan.h:195:65: note: in definition of macro â€˜NanReturnValueâ€™
 # define NanReturnValue(value) return args.GetReturnValue().Set(value)
                                                                 ^~~~~
In file included from ../src/bufferutil.cc:7:0:
/home/marcus/.electron-gyp/iojs-2.0.18/deps/v8/include/v8.h:10096:16: note: declared here
 Local<Boolean> True(Isolate* isolate) {
                ^~~~
In file included from ../src/bufferutil.cc:15:0:
/home/marcus/Documents/Projects/spadework-seo/node_modules/tomahawk/node_modules/socket.io/node_modules/engine.io/node_modules/ws/node_modules/nan/nan.h:195:70: error: return-statement with a value, in function returning 'void' [-fpermissive]
 # define NanReturnValue(value) return args.GetReturnValue().Set(value)
                                                                      ^
../src/bufferutil.cc:60:5: note: in expansion of macro â€˜NanReturnValueâ€™
     NanReturnValue(True());
     ^~~~~~~~~~~~~~
../src/bufferutil.cc: In static member function â€˜static void BufferUtil::Unmask(const v8::FunctionCallbackInfo<v8::Value>&)â€™:
../src/bufferutil.cc:81:25: error: too few arguments to function â€˜v8::Local<v8::Boolean> v8::True(v8::Isolate*)â€™
     NanReturnValue(True());
                         ^
/home/marcus/Documents/Projects/spadework-seo/node_modules/tomahawk/node_modules/socket.io/node_modules/engine.io/node_modules/ws/node_modules/nan/nan.h:195:65: note: in definition of macro â€˜NanReturnValueâ€™
 # define NanReturnValue(value) return args.GetReturnValue().Set(value)
                                                                 ^~~~~
In file included from ../src/bufferutil.cc:7:0:
/home/marcus/.electron-gyp/iojs-2.0.18/deps/v8/include/v8.h:10096:16: note: declared here
 Local<Boolean> True(Isolate* isolate) {
                ^~~~
In file included from ../src/bufferutil.cc:15:0:
/home/marcus/Documents/Projects/spadework-seo/node_modules/tomahawk/node_modules/socket.io/node_modules/engine.io/node_modules/ws/node_modules/nan/nan.h:195:70: error: return-statement with a value, in function returning 'void' [-fpermissive]
 # define NanReturnValue(value) return args.GetReturnValue().Set(value)
                                                                      ^
../src/bufferutil.cc:81:5: note: in expansion of macro â€˜NanReturnValueâ€™
     NanReturnValue(True());
     ^~~~~~~~~~~~~~
../src/bufferutil.cc: In static member function â€˜static void BufferUtil::Mask(const v8::FunctionCallbackInfo<v8::Value>&)â€™:
../src/bufferutil.cc:106:25: error: too few arguments to function â€˜v8::Local<v8::Boolean> v8::True(v8::Isolate*)â€™
     NanReturnValue(True());
                         ^
/home/marcus/Documents/Projects/spadework-seo/node_modules/tomahawk/node_modules/socket.io/node_modules/engine.io/node_modules/ws/node_modules/nan/nan.h:195:65: note: in definition of macro â€˜NanReturnValueâ€™
 # define NanReturnValue(value) return args.GetReturnValue().Set(value)
                                                                 ^~~~~
In file included from ../src/bufferutil.cc:7:0:
/home/marcus/.electron-gyp/iojs-2.0.18/deps/v8/include/v8.h:10096:16: note: declared here
 Local<Boolean> True(Isolate* isolate) {
                ^~~~
In file included from ../src/bufferutil.cc:15:0:
/home/marcus/Documents/Projects/spadework-seo/node_modules/tomahawk/node_modules/socket.io/node_modules/engine.io/node_modules/ws/node_modules/nan/nan.h:195:70: error: return-statement with a value, in function returning 'void' [-fpermissive]
 # define NanReturnValue(value) return args.GetReturnValue().Set(value)
                                                                      ^
../src/bufferutil.cc:106:5: note: in expansion of macro â€˜NanReturnValueâ€™
     NanReturnValue(True());
     ^~~~~~~~~~~~~~
/home/marcus/Documents/Projects/spadework-seo/node_modules/tomahawk/node_modules/socket.io/node_modules/engine.io/node_modules/ws/node_modules/nan/nan.h: In instantiation of â€˜void NanDispose(v8::Persistent<T, v8::NonCopyablePersistentTraits<T> >&) [with T = v8::Object]â€™:
/home/marcus/Documents/Projects/spadework-seo/node_modules/tomahawk/node_modules/socket.io/node_modules/engine.io/node_modules/ws/node_modules/nan/nan.h:498:34:   required from here
/home/marcus/Documents/Projects/spadework-seo/node_modules/tomahawk/node_modules/socket.io/node_modules/engine.io/node_modules/ws/node_modules/nan/nan.h:237:12: error: â€˜class v8::Persistent<v8::Object>â€™ has no member named â€˜Disposeâ€™
     handle.Dispose(nan_isolate);
     ~~~~~~~^~~~~~~
/home/marcus/Documents/Projects/spadework-seo/node_modules/tomahawk/node_modules/socket.io/node_modules/engine.io/node_modules/ws/node_modules/nan/nan.h:238:12: error: â€˜class v8::Persistent<v8::Object>â€™ has no member named â€˜Clearâ€™
     handle.Clear();
     ~~~~~~~^~~~~
bufferutil.target.mk:103: recipe for target 'Release/obj.target/bufferutil/src/bufferutil.o' failed
make: *** [Release/obj.target/bufferutil/src/bufferutil.o] Error 1
make: Leaving directory '/home/marcus/Documents/Projects/spadework-seo/node_modules/tomahawk/node_modules/socket.io/node_modules/engine.io/node_modules/ws/build'
gyp ERR! build error 
gyp ERR! stack Error: `make` failed with exit code: 2
gyp ERR! stack     at ChildProcess.onExit (/usr/lib/node_modules/electron-rebuild/node_modules/node-gyp/lib/build.js:194:23)
gyp ERR! stack     at ChildProcess.emit (events.js:209:13)
gyp ERR! stack     at Process.ChildProcess._handle.onexit (internal/child_process.js:272:12)
gyp ERR! System Linux 4.15.0-64-generic
gyp ERR! command "/usr/bin/node" "/usr/lib/node_modules/electron-rebuild/node_modules/.bin/node-gyp" "rebuild" "--target=2.0.18" "--arch=x64" "--dist-url=https://electronjs.org/headers" "--build-from-source"
gyp ERR! cwd /home/marcus/Documents/Projects/spadework-seo/node_modules/tomahawk/node_modules/socket.io/node_modules/engine.io/node_modules/ws
gyp ERR! node -v v12.10.0
gyp ERR! node-gyp -v v5.0.4
gyp ERR! not ok 

Failed with exit code: 1
    at SafeSubscriber._error (/usr/lib/node_modules/electron-rebuild/node_modules/spawn-rx/lib/src/index.js:267:84)
    at SafeSubscriber.__tryOrUnsub (/usr/lib/node_modules/electron-rebuild/node_modules/rxjs/internal/Subscriber.js:205:16)
    at SafeSubscriber.error (/usr/lib/node_modules/electron-rebuild/node_modules/rxjs/internal/Subscriber.js:156:26)
    at Subscriber._error (/usr/lib/node_modules/electron-rebuild/node_modules/rxjs/internal/Subscriber.js:92:26)
    at Subscriber.error (/usr/lib/node_modules/electron-rebuild/node_modules/rxjs/internal/Subscriber.js:72:18)
    at MapSubscriber.Subscriber._error (/usr/lib/node_modules/electron-rebuild/node_modules/rxjs/internal/Subscriber.js:92:26)
    at MapSubscriber.Subscriber.error (/usr/lib/node_modules/electron-rebuild/node_modules/rxjs/internal/Subscriber.js:72:18)
    at SafeSubscriber._next (/usr/lib/node_modules/electron-rebuild/node_modules/spawn-rx/lib/src/index.js:242:65)
    at SafeSubscriber.__tryOrUnsub (/usr/lib/node_modules/electron-rebuild/node_modules/rxjs/internal/Subscriber.js:205:16)
    at SafeSubscriber.next (/usr/lib/node_modules/electron-rebuild/node_modules/rxjs/internal/Subscriber.js:143:22)[39m
